{"C:\\Users\\souph\\Herd\\qi-survey-webapp\\resources\\js\\components\\layout\\AppLayout.tsx": {"path":"C:\\Users\\souph\\Herd\\qi-survey-webapp\\resources\\js\\components\\layout\\AppLayout.tsx","statementMap":{"0":{"start":{"line":19,"column":0},"end":{"line":19,"column":24}},"1":{"start":{"line":1,"column":0},"end":{"line":1,"column":40}},"2":{"start":{"line":2,"column":0},"end":{"line":2,"column":66}},"3":{"start":{"line":3,"column":0},"end":{"line":3,"column":49}},"4":{"start":{"line":11,"column":30},"end":{"line":17,"column":2}},"5":{"start":{"line":20,"column":44},"end":{"line":20,"column":53}},"6":{"start":{"line":21,"column":21},"end":{"line":21,"column":34}},"7":{"start":{"line":22,"column":21},"end":{"line":22,"column":34}},"8":{"start":{"line":23,"column":52},"end":{"line":23,"column":67}},"9":{"start":{"line":25,"column":25},"end":{"line":28,"column":5}},"10":{"start":{"line":26,"column":8},"end":{"line":26,"column":23}},"11":{"start":{"line":27,"column":8},"end":{"line":27,"column":27}},"12":{"start":{"line":30,"column":31},"end":{"line":31,"column":null}},"13":{"start":{"line":31,"column":18},"end":{"line":31,"column":68}},"14":{"start":{"line":34,"column":4},"end":{"line":155,"column":6}},"15":{"start":{"line":47,"column":36},"end":{"line":48,"column":null}},"16":{"start":{"line":83,"column":47},"end":{"line":83,"column":85}},"17":{"start":{"line":117,"column":32},"end":{"line":118,"column":null}},"18":{"start":{"line":125,"column":51},"end":{"line":125,"column":77}}},"fnMap":{"0":{"name":"AppLayout","decl":{"start":{"line":19,"column":24},"end":{"line":19,"column":33}},"loc":{"start":{"line":19,"column":77},"end":{"line":156,"column":1}}},"1":{"name":"(anonymous_10)","decl":{"start":{"line":25,"column":25},"end":{"line":25,"column":30}},"loc":{"start":{"line":25,"column":36},"end":{"line":28,"column":5}}},"2":{"name":"(anonymous_11)","decl":{"start":{"line":31,"column":8},"end":{"line":31,"column":9}},"loc":{"start":{"line":31,"column":18},"end":{"line":31,"column":68}}},"3":{"name":"(anonymous_12)","decl":{"start":{"line":46,"column":56},"end":{"line":46,"column":57}},"loc":{"start":{"line":47,"column":36},"end":{"line":48,"column":null}}},"4":{"name":"(anonymous_13)","decl":{"start":{"line":83,"column":41},"end":{"line":83,"column":44}},"loc":{"start":{"line":83,"column":47},"end":{"line":83,"column":85}}},"5":{"name":"(anonymous_14)","decl":{"start":{"line":116,"column":52},"end":{"line":116,"column":53}},"loc":{"start":{"line":117,"column":32},"end":{"line":118,"column":null}}},"6":{"name":"(anonymous_15)","decl":{"start":{"line":125,"column":45},"end":{"line":125,"column":48}},"loc":{"start":{"line":125,"column":51},"end":{"line":125,"column":77}}}},"branchMap":{"0":{"loc":{"start":{"line":31,"column":18},"end":{"line":31,"column":68}},"type":"binary-expr","locations":[{"start":{"line":31,"column":18},"end":{"line":31,"column":34}},{"start":{"line":31,"column":38},"end":{"line":31,"column":68}}]},"1":{"loc":{"start":{"line":51,"column":44},"end":{"line":53,"column":null}},"type":"cond-expr","locations":[{"start":{"line":52,"column":50},"end":{"line":52,"column":83}},{"start":{"line":53,"column":50},"end":{"line":53,"column":null}}]},"2":{"loc":{"start":{"line":66,"column":41},"end":{"line":69,"column":null}},"type":"binary-expr","locations":[{"start":{"line":66,"column":41},"end":{"line":66,"column":58}},{"start":{"line":67,"column":44},"end":{"line":68,"column":null}}]},"3":{"loc":{"start":{"line":94,"column":37},"end":{"line":105,"column":null}},"type":"cond-expr","locations":[{"start":{"line":95,"column":40},"end":{"line":98,"column":null}},{"start":{"line":101,"column":40},"end":{"line":104,"column":null}}]},"4":{"loc":{"start":{"line":113,"column":17},"end":{"line":147,"column":null}},"type":"binary-expr","locations":[{"start":{"line":113,"column":17},"end":{"line":113,"column":33}},{"start":{"line":114,"column":20},"end":{"line":146,"column":null}}]},"5":{"loc":{"start":{"line":121,"column":40},"end":{"line":123,"column":null}},"type":"cond-expr","locations":[{"start":{"line":122,"column":46},"end":{"line":122,"column":94}},{"start":{"line":123,"column":46},"end":{"line":123,"column":null}}]}},"s":{"0":1,"1":1,"2":1,"3":1,"4":1,"5":39,"6":39,"7":39,"8":39,"9":39,"10":5,"11":4,"12":39,"13":195,"14":39,"15":172,"16":5,"17":25,"18":1},"f":{"0":39,"1":5,"2":195,"3":172,"4":5,"5":25,"6":1},"b":{"0":[195,156],"1":[39,133],"2":[39,37],"3":[5,34],"4":[39,5],"5":[5,20]}}
,"C:\\Users\\souph\\Herd\\qi-survey-webapp\\resources\\js\\contexts\\AuthContext.tsx": {"path":"C:\\Users\\souph\\Herd\\qi-survey-webapp\\resources\\js\\contexts\\AuthContext.tsx","statementMap":{"0":{"start":{"line":18,"column":0},"end":{"line":18,"column":16}},"1":{"start":{"line":101,"column":0},"end":{"line":101,"column":16}},"2":{"start":{"line":1,"column":0},"end":{"line":1,"column":91}},"3":{"start":{"line":2,"column":0},"end":{"line":2,"column":41}},"4":{"start":{"line":16,"column":20},"end":{"line":16,"column":73}},"5":{"start":{"line":19,"column":28},"end":{"line":22,"column":6}},"6":{"start":{"line":20,"column":26},"end":{"line":20,"column":54}},"7":{"start":{"line":21,"column":8},"end":{"line":21,"column":56}},"8":{"start":{"line":23,"column":38},"end":{"line":23,"column":52}},"9":{"start":{"line":25,"column":28},"end":{"line":25,"column":34}},"10":{"start":{"line":27,"column":22},"end":{"line":45,"column":10}},"11":{"start":{"line":28,"column":22},"end":{"line":28,"column":51}},"12":{"start":{"line":29,"column":8},"end":{"line":32,"column":9}},"13":{"start":{"line":30,"column":12},"end":{"line":30,"column":32}},"14":{"start":{"line":31,"column":12},"end":{"line":31,"column":19}},"15":{"start":{"line":34,"column":8},"end":{"line":44,"column":9}},"16":{"start":{"line":35,"column":29},"end":{"line":35,"column":52}},"17":{"start":{"line":36,"column":12},"end":{"line":36,"column":30}},"18":{"start":{"line":37,"column":12},"end":{"line":37,"column":67}},"19":{"start":{"line":39,"column":12},"end":{"line":39,"column":45}},"20":{"start":{"line":40,"column":12},"end":{"line":40,"column":44}},"21":{"start":{"line":41,"column":12},"end":{"line":41,"column":26}},"22":{"start":{"line":43,"column":12},"end":{"line":43,"column":32}},"23":{"start":{"line":47,"column":4},"end":{"line":49,"column":20}},"24":{"start":{"line":48,"column":8},"end":{"line":48,"column":20}},"25":{"start":{"line":51,"column":18},"end":{"line":56,"column":5}},"26":{"start":{"line":52,"column":25},"end":{"line":52,"column":57}},"27":{"start":{"line":53,"column":8},"end":{"line":53,"column":54}},"28":{"start":{"line":54,"column":8},"end":{"line":54,"column":68}},"29":{"start":{"line":55,"column":8},"end":{"line":55,"column":31}},"30":{"start":{"line":58,"column":19},"end":{"line":66,"column":5}},"31":{"start":{"line":59,"column":8},"end":{"line":65,"column":9}},"32":{"start":{"line":60,"column":12},"end":{"line":60,"column":35}},"33":{"start":{"line":62,"column":12},"end":{"line":62,"column":45}},"34":{"start":{"line":63,"column":12},"end":{"line":63,"column":44}},"35":{"start":{"line":64,"column":12},"end":{"line":64,"column":26}},"36":{"start":{"line":68,"column":26},"end":{"line":71,"column":5}},"37":{"start":{"line":69,"column":8},"end":{"line":69,"column":45}},"38":{"start":{"line":69,"column":32},"end":{"line":69,"column":45}},"39":{"start":{"line":70,"column":8},"end":{"line":70,"column":53}},"40":{"start":{"line":73,"column":20},"end":{"line":76,"column":5}},"41":{"start":{"line":74,"column":8},"end":{"line":74,"column":39}},"42":{"start":{"line":74,"column":26},"end":{"line":74,"column":39}},"43":{"start":{"line":75,"column":8},"end":{"line":75,"column":41}},"44":{"start":{"line":78,"column":23},"end":{"line":81,"column":5}},"45":{"start":{"line":79,"column":8},"end":{"line":79,"column":39}},"46":{"start":{"line":79,"column":26},"end":{"line":79,"column":39}},"47":{"start":{"line":80,"column":8},"end":{"line":80,"column":61}},"48":{"start":{"line":80,"column":34},"end":{"line":80,"column":59}},"49":{"start":{"line":83,"column":4},"end":{"line":98,"column":6}},"50":{"start":{"line":102,"column":20},"end":{"line":102,"column":43}},"51":{"start":{"line":103,"column":4},"end":{"line":105,"column":5}},"52":{"start":{"line":104,"column":8},"end":{"line":104,"column":71}},"53":{"start":{"line":106,"column":4},"end":{"line":106,"column":19}}},"fnMap":{"0":{"name":"AuthProvider","decl":{"start":{"line":18,"column":16},"end":{"line":18,"column":28}},"loc":{"start":{"line":18,"column":72},"end":{"line":99,"column":1}}},"1":{"name":"(anonymous_10)","decl":{"start":{"line":19,"column":50},"end":{"line":19,"column":53}},"loc":{"start":{"line":19,"column":55},"end":{"line":22,"column":5}}},"2":{"name":"(anonymous_11)","decl":{"start":{"line":27,"column":34},"end":{"line":27,"column":39}},"loc":{"start":{"line":27,"column":45},"end":{"line":45,"column":5}}},"3":{"name":"(anonymous_12)","decl":{"start":{"line":47,"column":14},"end":{"line":47,"column":17}},"loc":{"start":{"line":47,"column":19},"end":{"line":49,"column":5}}},"4":{"name":"(anonymous_13)","decl":{"start":{"line":51,"column":18},"end":{"line":51,"column":23}},"loc":{"start":{"line":51,"column":58},"end":{"line":56,"column":5}}},"5":{"name":"(anonymous_14)","decl":{"start":{"line":58,"column":19},"end":{"line":58,"column":24}},"loc":{"start":{"line":58,"column":30},"end":{"line":66,"column":5}}},"6":{"name":"(anonymous_15)","decl":{"start":{"line":68,"column":26},"end":{"line":68,"column":27}},"loc":{"start":{"line":68,"column":58},"end":{"line":71,"column":5}}},"7":{"name":"(anonymous_16)","decl":{"start":{"line":73,"column":20},"end":{"line":73,"column":21}},"loc":{"start":{"line":73,"column":46},"end":{"line":76,"column":5}}},"8":{"name":"(anonymous_17)","decl":{"start":{"line":78,"column":23},"end":{"line":78,"column":24}},"loc":{"start":{"line":78,"column":52},"end":{"line":81,"column":5}}},"9":{"name":"(anonymous_18)","decl":{"start":{"line":80,"column":26},"end":{"line":80,"column":30}},"loc":{"start":{"line":80,"column":34},"end":{"line":80,"column":59}}},"10":{"name":"useAuth","decl":{"start":{"line":101,"column":16},"end":{"line":101,"column":23}},"loc":{"start":{"line":101,"column":23},"end":{"line":107,"column":1}}}},"branchMap":{"0":{"loc":{"start":{"line":21,"column":15},"end":{"line":21,"column":55}},"type":"cond-expr","locations":[{"start":{"line":21,"column":27},"end":{"line":21,"column":48}},{"start":{"line":21,"column":51},"end":{"line":21,"column":55}}]},"1":{"loc":{"start":{"line":29,"column":8},"end":{"line":32,"column":9}},"type":"if","locations":[{"start":{"line":29,"column":8},"end":{"line":32,"column":9}}]},"2":{"loc":{"start":{"line":69,"column":8},"end":{"line":69,"column":45}},"type":"if","locations":[{"start":{"line":69,"column":8},"end":{"line":69,"column":45}}]},"3":{"loc":{"start":{"line":74,"column":8},"end":{"line":74,"column":39}},"type":"if","locations":[{"start":{"line":74,"column":8},"end":{"line":74,"column":39}}]},"4":{"loc":{"start":{"line":79,"column":8},"end":{"line":79,"column":39}},"type":"if","locations":[{"start":{"line":79,"column":8},"end":{"line":79,"column":39}}]},"5":{"loc":{"start":{"line":103,"column":4},"end":{"line":105,"column":5}},"type":"if","locations":[{"start":{"line":103,"column":4},"end":{"line":105,"column":5}}]}},"s":{"0":4,"1":4,"2":4,"3":4,"4":4,"5":84,"6":38,"7":38,"8":84,"9":84,"10":84,"11":38,"12":38,"13":26,"14":26,"15":12,"16":12,"17":11,"18":11,"19":1,"20":1,"21":1,"22":12,"23":84,"24":38,"25":84,"26":12,"27":6,"28":6,"29":6,"30":84,"31":2,"32":2,"33":2,"34":2,"35":2,"36":84,"37":6,"38":2,"39":4,"40":84,"41":5,"42":1,"43":4,"44":84,"45":5,"46":1,"47":4,"48":6,"49":84,"50":126,"51":126,"52":4,"53":122},"f":{"0":84,"1":38,"2":38,"3":38,"4":12,"5":2,"6":6,"7":5,"8":5,"9":6,"10":126},"b":{"0":[4,34],"1":[26],"2":[2],"3":[1],"4":[1],"5":[4]}}
,"C:\\Users\\souph\\Herd\\qi-survey-webapp\\resources\\js\\pages\\auth\\Login.tsx": {"path":"C:\\Users\\souph\\Herd\\qi-survey-webapp\\resources\\js\\pages\\auth\\Login.tsx","statementMap":{"0":{"start":{"line":5,"column":0},"end":{"line":5,"column":24}},"1":{"start":{"line":1,"column":0},"end":{"line":1,"column":40}},"2":{"start":{"line":2,"column":0},"end":{"line":2,"column":60}},"3":{"start":{"line":3,"column":0},"end":{"line":3,"column":49}},"4":{"start":{"line":6,"column":30},"end":{"line":6,"column":42}},"5":{"start":{"line":7,"column":36},"end":{"line":7,"column":48}},"6":{"start":{"line":8,"column":30},"end":{"line":8,"column":42}},"7":{"start":{"line":9,"column":38},"end":{"line":9,"column":53}},"8":{"start":{"line":10,"column":22},"end":{"line":10,"column":31}},"9":{"start":{"line":11,"column":21},"end":{"line":11,"column":34}},"10":{"start":{"line":12,"column":21},"end":{"line":12,"column":34}},"11":{"start":{"line":14,"column":18},"end":{"line":14,"column":100}},"12":{"start":{"line":16,"column":25},"end":{"line":38,"column":5}},"13":{"start":{"line":17,"column":8},"end":{"line":17,"column":27}},"14":{"start":{"line":18,"column":8},"end":{"line":18,"column":21}},"15":{"start":{"line":19,"column":8},"end":{"line":19,"column":27}},"16":{"start":{"line":21,"column":8},"end":{"line":37,"column":9}},"17":{"start":{"line":22,"column":12},"end":{"line":22,"column":45}},"18":{"start":{"line":23,"column":12},"end":{"line":23,"column":46}},"19":{"start":{"line":25,"column":12},"end":{"line":34,"column":13}},"20":{"start":{"line":26,"column":35},"end":{"line":26,"column":119}},"21":{"start":{"line":27,"column":16},"end":{"line":31,"column":18}},"22":{"start":{"line":33,"column":16},"end":{"line":33,"column":59}},"23":{"start":{"line":36,"column":12},"end":{"line":36,"column":32}},"24":{"start":{"line":40,"column":4},"end":{"line":104,"column":6}},"25":{"start":{"line":69,"column":49},"end":{"line":69,"column":73}},"26":{"start":{"line":85,"column":49},"end":{"line":85,"column":76}}},"fnMap":{"0":{"name":"Login","decl":{"start":{"line":5,"column":24},"end":{"line":5,"column":29}},"loc":{"start":{"line":5,"column":29},"end":{"line":105,"column":1}}},"1":{"name":"(anonymous_10)","decl":{"start":{"line":16,"column":25},"end":{"line":16,"column":30}},"loc":{"start":{"line":16,"column":54},"end":{"line":38,"column":5}}},"2":{"name":"(anonymous_11)","decl":{"start":{"line":69,"column":42},"end":{"line":69,"column":43}},"loc":{"start":{"line":69,"column":49},"end":{"line":69,"column":73}}},"3":{"name":"(anonymous_12)","decl":{"start":{"line":85,"column":42},"end":{"line":85,"column":43}},"loc":{"start":{"line":85,"column":49},"end":{"line":85,"column":76}}}},"branchMap":{"0":{"loc":{"start":{"line":14,"column":18},"end":{"line":14,"column":100}},"type":"binary-expr","locations":[{"start":{"line":14,"column":18},"end":{"line":14,"column":84}},{"start":{"line":14,"column":88},"end":{"line":14,"column":100}}]},"1":{"loc":{"start":{"line":25,"column":12},"end":{"line":34,"column":13}},"type":"if","locations":[{"start":{"line":25,"column":12},"end":{"line":34,"column":13}},{"start":{"line":32,"column":19},"end":{"line":34,"column":13}}]},"2":{"loc":{"start":{"line":25,"column":16},"end":{"line":25,"column":67}},"type":"binary-expr","locations":[{"start":{"line":25,"column":16},"end":{"line":25,"column":19}},{"start":{"line":25,"column":23},"end":{"line":25,"column":46}},{"start":{"line":25,"column":50},"end":{"line":25,"column":67}}]},"3":{"loc":{"start":{"line":28,"column":20},"end":{"line":30,"column":52}},"type":"binary-expr","locations":[{"start":{"line":28,"column":20},"end":{"line":28,"column":65}},{"start":{"line":29,"column":20},"end":{"line":29,"column":54}},{"start":{"line":30,"column":20},"end":{"line":30,"column":52}}]},"4":{"loc":{"start":{"line":52,"column":21},"end":{"line":55,"column":null}},"type":"binary-expr","locations":[{"start":{"line":52,"column":21},"end":{"line":52,"column":26}},{"start":{"line":53,"column":24},"end":{"line":54,"column":null}}]},"5":{"loc":{"start":{"line":98,"column":29},"end":{"line":98,"column":68}},"type":"cond-expr","locations":[{"start":{"line":98,"column":41},"end":{"line":98,"column":56}},{"start":{"line":98,"column":59},"end":{"line":98,"column":68}}]}},"s":{"0":1,"1":1,"2":1,"3":1,"4":83,"5":83,"6":83,"7":83,"8":83,"9":83,"10":83,"11":83,"12":83,"13":10,"14":10,"15":10,"16":10,"17":10,"18":5,"19":5,"20":4,"21":4,"22":1,"23":10,"24":83,"25":11,"26":12},"f":{"0":83,"1":10,"2":11,"3":12},"b":{"0":[83,77],"1":[4,1],"2":[5,5,5],"3":[4,3,0],"4":[83,6],"5":[10,73]}}
,"C:\\Users\\souph\\Herd\\qi-survey-webapp\\resources\\js\\pages\\dashboard\\Dashboard.tsx": {"path":"C:\\Users\\souph\\Herd\\qi-survey-webapp\\resources\\js\\pages\\dashboard\\Dashboard.tsx","statementMap":{"0":{"start":{"line":6,"column":0},"end":{"line":6,"column":24}},"1":{"start":{"line":1,"column":0},"end":{"line":1,"column":26}},"2":{"start":{"line":2,"column":0},"end":{"line":2,"column":49}},"3":{"start":{"line":3,"column":0},"end":{"line":3,"column":46}},"4":{"start":{"line":4,"column":0},"end":{"line":4,"column":49}},"5":{"start":{"line":7,"column":24},"end":{"line":7,"column":33}},"6":{"start":{"line":8,"column":20},"end":{"line":8,"column":36}},"7":{"start":{"line":10,"column":46},"end":{"line":13,"column":6}},"8":{"start":{"line":12,"column":23},"end":{"line":12,"column":46}},"9":{"start":{"line":15,"column":4},"end":{"line":21,"column":5}},"10":{"start":{"line":16,"column":8},"end":{"line":20,"column":10}},"11":{"start":{"line":23,"column":4},"end":{"line":29,"column":5}},"12":{"start":{"line":24,"column":8},"end":{"line":28,"column":10}},"13":{"start":{"line":31,"column":4},"end":{"line":111,"column":6}},"14":{"start":{"line":81,"column":32},"end":{"line":81,"column":null}},"15":{"start":{"line":115,"column":49},"end":{"line":124,"column":6}},"16":{"start":{"line":126,"column":4},"end":{"line":131,"column":6}},"17":{"start":{"line":135,"column":50},"end":{"line":140,"column":6}},"18":{"start":{"line":142,"column":4},"end":{"line":146,"column":6}}},"fnMap":{"0":{"name":"Dashboard","decl":{"start":{"line":6,"column":24},"end":{"line":6,"column":33}},"loc":{"start":{"line":6,"column":33},"end":{"line":112,"column":1}}},"1":{"name":"(anonymous_2)","decl":{"start":{"line":12,"column":17},"end":{"line":12,"column":20}},"loc":{"start":{"line":12,"column":23},"end":{"line":12,"column":46}}},"2":{"name":"(anonymous_3)","decl":{"start":{"line":80,"column":59},"end":{"line":80,"column":60}},"loc":{"start":{"line":81,"column":32},"end":{"line":81,"column":null}}},"3":{"name":"StatCard","decl":{"start":{"line":114,"column":9},"end":{"line":114,"column":17}},"loc":{"start":{"line":114,"column":90},"end":{"line":132,"column":1}}},"4":{"name":"StatusBadge","decl":{"start":{"line":134,"column":9},"end":{"line":134,"column":20}},"loc":{"start":{"line":134,"column":51},"end":{"line":147,"column":1}}}},"branchMap":{"0":{"loc":{"start":{"line":15,"column":4},"end":{"line":21,"column":5}},"type":"if","locations":[{"start":{"line":15,"column":4},"end":{"line":21,"column":5}}]},"1":{"loc":{"start":{"line":23,"column":4},"end":{"line":29,"column":5}},"type":"if","locations":[{"start":{"line":23,"column":4},"end":{"line":29,"column":5}}]},"2":{"loc":{"start":{"line":37,"column":59},"end":{"line":37,"column":88}},"type":"binary-expr","locations":[{"start":{"line":37,"column":59},"end":{"line":37,"column":83}},{"start":{"line":37,"column":87},"end":{"line":37,"column":88}}]},"3":{"loc":{"start":{"line":38,"column":47},"end":{"line":38,"column":76}},"type":"binary-expr","locations":[{"start":{"line":38,"column":47},"end":{"line":38,"column":71}},{"start":{"line":38,"column":75},"end":{"line":38,"column":76}}]},"4":{"loc":{"start":{"line":39,"column":51},"end":{"line":39,"column":84}},"type":"binary-expr","locations":[{"start":{"line":39,"column":51},"end":{"line":39,"column":79}},{"start":{"line":39,"column":83},"end":{"line":39,"column":84}}]},"5":{"loc":{"start":{"line":40,"column":50},"end":{"line":40,"column":82}},"type":"binary-expr","locations":[{"start":{"line":40,"column":50},"end":{"line":40,"column":77}},{"start":{"line":40,"column":81},"end":{"line":40,"column":82}}]},"6":{"loc":{"start":{"line":41,"column":50},"end":{"line":41,"column":82}},"type":"binary-expr","locations":[{"start":{"line":41,"column":50},"end":{"line":41,"column":77}},{"start":{"line":41,"column":81},"end":{"line":41,"column":82}}]},"7":{"loc":{"start":{"line":45,"column":13},"end":{"line":50,"column":null}},"type":"binary-expr","locations":[{"start":{"line":45,"column":13},"end":{"line":45,"column":20}},{"start":{"line":46,"column":16},"end":{"line":49,"column":null}}]},"8":{"loc":{"start":{"line":47,"column":57},"end":{"line":47,"column":80}},"type":"binary-expr","locations":[{"start":{"line":47,"column":57},"end":{"line":47,"column":75}},{"start":{"line":47,"column":79},"end":{"line":47,"column":80}}]},"9":{"loc":{"start":{"line":48,"column":64},"end":{"line":48,"column":94}},"type":"binary-expr","locations":[{"start":{"line":48,"column":64},"end":{"line":48,"column":89}},{"start":{"line":48,"column":93},"end":{"line":48,"column":94}}]},"10":{"loc":{"start":{"line":49,"column":66},"end":{"line":49,"column":98}},"type":"binary-expr","locations":[{"start":{"line":49,"column":66},"end":{"line":49,"column":93}},{"start":{"line":49,"column":97},"end":{"line":49,"column":98}}]},"11":{"loc":{"start":{"line":99,"column":29},"end":{"line":104,"column":null}},"type":"binary-expr","locations":[{"start":{"line":99,"column":30},"end":{"line":99,"column":56}},{"start":{"line":99,"column":60},"end":{"line":99,"column":97}},{"start":{"line":100,"column":32},"end":{"line":103,"column":null}}]},"12":{"loc":{"start":{"line":127,"column":78},"end":{"line":127,"column":118}},"type":"binary-expr","locations":[{"start":{"line":127,"column":78},"end":{"line":127,"column":97}},{"start":{"line":127,"column":101},"end":{"line":127,"column":118}}]},"13":{"loc":{"start":{"line":143,"column":90},"end":{"line":143,"column":142}},"type":"binary-expr","locations":[{"start":{"line":143,"column":90},"end":{"line":143,"column":111}},{"start":{"line":143,"column":115},"end":{"line":143,"column":142}}]}},"s":{"0":1,"1":1,"2":1,"3":1,"4":1,"5":39,"6":39,"7":39,"8":19,"9":38,"10":19,"11":19,"12":2,"13":17,"14":24,"15":71,"16":71,"17":24,"18":24},"f":{"0":39,"1":19,"2":24,"3":71,"4":24},"b":{"0":[19],"1":[2],"2":[17,1],"3":[17,1],"4":[17,1],"5":[17,1],"6":[17,1],"7":[17,2],"8":[2,1],"9":[2,1],"10":[2,1],"11":[13,13,2],"12":[71,0],"13":[24,0]}}
,"C:\\Users\\souph\\Herd\\qi-survey-webapp\\resources\\js\\pages\\institutions\\InstitutionForm.tsx": {"path":"C:\\Users\\souph\\Herd\\qi-survey-webapp\\resources\\js\\pages\\institutions\\InstitutionForm.tsx","statementMap":{"0":{"start":{"line":7,"column":19},"end":{"line":7,"column":30}},"1":{"start":{"line":8,"column":21},"end":{"line":8,"column":34}},"2":{"start":{"line":9,"column":24},"end":{"line":9,"column":40}},"3":{"start":{"line":10,"column":22},"end":{"line":10,"column":26}},"4":{"start":{"line":12,"column":36},"end":{"line":12,"column":139}},"5":{"start":{"line":13,"column":30},"end":{"line":13,"column":42}},"6":{"start":{"line":15,"column":45},"end":{"line":15,"column":156}},"7":{"start":{"line":15,"column":102},"end":{"line":15,"column":133}},"8":{"start":{"line":16,"column":35},"end":{"line":16,"column":121}},"9":{"start":{"line":16,"column":94},"end":{"line":16,"column":118}},"10":{"start":{"line":18,"column":4},"end":{"line":22,"column":22}},"11":{"start":{"line":19,"column":8},"end":{"line":21,"column":9}},"12":{"start":{"line":20,"column":12},"end":{"line":20,"column":212}},"13":{"start":{"line":24,"column":21},"end":{"line":31,"column":6}},"14":{"start":{"line":26,"column":28},"end":{"line":26,"column":134}},"15":{"start":{"line":27,"column":12},"end":{"line":27,"column":109}},"16":{"start":{"line":29,"column":27},"end":{"line":29,"column":89}},"17":{"start":{"line":29,"column":90},"end":{"line":29,"column":116}},"18":{"start":{"line":30,"column":37},"end":{"line":30,"column":151}},"19":{"start":{"line":33,"column":25},"end":{"line":33,"column":113}},"20":{"start":{"line":33,"column":51},"end":{"line":33,"column":70}},"21":{"start":{"line":33,"column":71},"end":{"line":33,"column":84}},"22":{"start":{"line":33,"column":85},"end":{"line":33,"column":111}},"23":{"start":{"line":35,"column":4},"end":{"line":35,"column":87}},"24":{"start":{"line":35,"column":32},"end":{"line":35,"column":87}},"25":{"start":{"line":37,"column":4},"end":{"line":52,"column":6}},"26":{"start":{"line":43,"column":163},"end":{"line":43,"column":213}},"27":{"start":{"line":44,"column":163},"end":{"line":44,"column":213}},"28":{"start":{"line":45,"column":154},"end":{"line":45,"column":244}},"29":{"start":{"line":46,"column":174},"end":{"line":46,"column":241}},"30":{"start":{"line":46,"column":424},"end":{"line":46,"column":443}},"31":{"start":{"line":46,"column":457},"end":{"line":46,"column":476}},"32":{"start":{"line":47,"column":124},"end":{"line":47,"column":181}},"33":{"start":{"line":49,"column":97},"end":{"line":49,"column":122}}},"fnMap":{"0":{"name":"InstitutionForm","decl":{"start":{"line":6,"column":24},"end":{"line":6,"column":39}},"loc":{"start":{"line":6,"column":39},"end":{"line":53,"column":1}}},"1":{"name":"(anonymous_1)","decl":{"start":{"line":15,"column":96},"end":{"line":15,"column":99}},"loc":{"start":{"line":15,"column":102},"end":{"line":15,"column":133}}},"2":{"name":"(anonymous_2)","decl":{"start":{"line":16,"column":88},"end":{"line":16,"column":91}},"loc":{"start":{"line":16,"column":94},"end":{"line":16,"column":118}}},"3":{"name":"(anonymous_3)","decl":{"start":{"line":18,"column":14},"end":{"line":18,"column":17}},"loc":{"start":{"line":18,"column":19},"end":{"line":22,"column":5}}},"4":{"name":"(anonymous_4)","decl":{"start":{"line":25,"column":20},"end":{"line":25,"column":21}},"loc":{"start":{"line":25,"column":46},"end":{"line":28,"column":9}}},"5":{"name":"(anonymous_5)","decl":{"start":{"line":29,"column":19},"end":{"line":29,"column":22}},"loc":{"start":{"line":29,"column":24},"end":{"line":29,"column":118}}},"6":{"name":"(anonymous_6)","decl":{"start":{"line":30,"column":17},"end":{"line":30,"column":18}},"loc":{"start":{"line":30,"column":34},"end":{"line":30,"column":153}}},"7":{"name":"(anonymous_7)","decl":{"start":{"line":33,"column":25},"end":{"line":33,"column":26}},"loc":{"start":{"line":33,"column":48},"end":{"line":33,"column":113}}},"8":{"name":"(anonymous_8)","decl":{"start":{"line":43,"column":156},"end":{"line":43,"column":157}},"loc":{"start":{"line":43,"column":163},"end":{"line":43,"column":213}}},"9":{"name":"(anonymous_9)","decl":{"start":{"line":44,"column":156},"end":{"line":44,"column":157}},"loc":{"start":{"line":44,"column":163},"end":{"line":44,"column":213}}},"10":{"name":"(anonymous_10)","decl":{"start":{"line":45,"column":147},"end":{"line":45,"column":148}},"loc":{"start":{"line":45,"column":154},"end":{"line":45,"column":244}}},"11":{"name":"(anonymous_11)","decl":{"start":{"line":46,"column":167},"end":{"line":46,"column":168}},"loc":{"start":{"line":46,"column":174},"end":{"line":46,"column":241}}},"12":{"name":"(anonymous_12)","decl":{"start":{"line":46,"column":419},"end":{"line":46,"column":420}},"loc":{"start":{"line":46,"column":424},"end":{"line":46,"column":443}}},"13":{"name":"(anonymous_13)","decl":{"start":{"line":46,"column":449},"end":{"line":46,"column":450}},"loc":{"start":{"line":46,"column":457},"end":{"line":46,"column":476}}},"14":{"name":"(anonymous_14)","decl":{"start":{"line":47,"column":117},"end":{"line":47,"column":118}},"loc":{"start":{"line":47,"column":124},"end":{"line":47,"column":181}}},"15":{"name":"(anonymous_15)","decl":{"start":{"line":49,"column":91},"end":{"line":49,"column":94}},"loc":{"start":{"line":49,"column":97},"end":{"line":49,"column":122}}}},"branchMap":{"0":{"loc":{"start":{"line":19,"column":8},"end":{"line":21,"column":9}},"type":"if","locations":[{"start":{"line":19,"column":8},"end":{"line":21,"column":9}}]},"1":{"loc":{"start":{"line":20,"column":123},"end":{"line":20,"column":174}},"type":"binary-expr","locations":[{"start":{"line":20,"column":123},"end":{"line":20,"column":168}},{"start":{"line":20,"column":172},"end":{"line":20,"column":174}}]},"2":{"loc":{"start":{"line":26,"column":62},"end":{"line":26,"column":132}},"type":"cond-expr","locations":[{"start":{"line":26,"column":91},"end":{"line":26,"column":125}},{"start":{"line":26,"column":128},"end":{"line":26,"column":132}}]},"3":{"loc":{"start":{"line":27,"column":19},"end":{"line":27,"column":108}},"type":"cond-expr","locations":[{"start":{"line":27,"column":31},"end":{"line":27,"column":74}},{"start":{"line":27,"column":77},"end":{"line":27,"column":108}}]},"4":{"loc":{"start":{"line":30,"column":47},"end":{"line":30,"column":149}},"type":"binary-expr","locations":[{"start":{"line":30,"column":47},"end":{"line":30,"column":126}},{"start":{"line":30,"column":130},"end":{"line":30,"column":149}}]},"5":{"loc":{"start":{"line":35,"column":4},"end":{"line":35,"column":87}},"type":"if","locations":[{"start":{"line":35,"column":4},"end":{"line":35,"column":87}}]},"6":{"loc":{"start":{"line":35,"column":8},"end":{"line":35,"column":30}},"type":"binary-expr","locations":[{"start":{"line":35,"column":8},"end":{"line":35,"column":17}},{"start":{"line":35,"column":21},"end":{"line":35,"column":30}}]},"7":{"loc":{"start":{"line":39,"column":62},"end":{"line":39,"column":115}},"type":"cond-expr","locations":[{"start":{"line":39,"column":74},"end":{"line":39,"column":92}},{"start":{"line":39,"column":95},"end":{"line":39,"column":115}}]},"8":{"loc":{"start":{"line":41,"column":17},"end":{"line":41,"column":102}},"type":"binary-expr","locations":[{"start":{"line":41,"column":17},"end":{"line":41,"column":22}},{"start":{"line":41,"column":26},"end":{"line":41,"column":102}}]},"9":{"loc":{"start":{"line":49,"column":426},"end":{"line":49,"column":467}},"type":"cond-expr","locations":[{"start":{"line":49,"column":447},"end":{"line":49,"column":458}},{"start":{"line":49,"column":461},"end":{"line":49,"column":467}}]}},"s":{"0":0,"1":0,"2":0,"3":0,"4":0,"5":0,"6":0,"7":0,"8":0,"9":0,"10":0,"11":0,"12":0,"13":0,"14":0,"15":0,"16":0,"17":0,"18":0,"19":0,"20":0,"21":0,"22":0,"23":0,"24":0,"25":0,"26":0,"27":0,"28":0,"29":0,"30":0,"31":0,"32":0,"33":0},"f":{"0":0,"1":0,"2":0,"3":0,"4":0,"5":0,"6":0,"7":0,"8":0,"9":0,"10":0,"11":0,"12":0,"13":0,"14":0,"15":0},"b":{"0":[0],"1":[0,0],"2":[0,0],"3":[0,0],"4":[0,0],"5":[0],"6":[0,0],"7":[0,0],"8":[0,0],"9":[0,0]}}
,"C:\\Users\\souph\\Herd\\qi-survey-webapp\\resources\\js\\pages\\institutions\\InstitutionList.tsx": {"path":"C:\\Users\\souph\\Herd\\qi-survey-webapp\\resources\\js\\pages\\institutions\\InstitutionList.tsx","statementMap":{"0":{"start":{"line":8,"column":30},"end":{"line":8,"column":39}},"1":{"start":{"line":9,"column":39},"end":{"line":12,"column":6}},"2":{"start":{"line":11,"column":23},"end":{"line":11,"column":45}},"3":{"start":{"line":14,"column":4},"end":{"line":14,"column":87}},"4":{"start":{"line":14,"column":19},"end":{"line":14,"column":87}},"5":{"start":{"line":15,"column":4},"end":{"line":15,"column":86}},"6":{"start":{"line":15,"column":15},"end":{"line":15,"column":86}},"7":{"start":{"line":17,"column":4},"end":{"line":60,"column":6}},"8":{"start":{"line":39,"column":28},"end":{"line":39,"column":null}}},"fnMap":{"0":{"name":"InstitutionList","decl":{"start":{"line":7,"column":24},"end":{"line":7,"column":39}},"loc":{"start":{"line":7,"column":39},"end":{"line":61,"column":1}}},"1":{"name":"(anonymous_1)","decl":{"start":{"line":11,"column":17},"end":{"line":11,"column":20}},"loc":{"start":{"line":11,"column":23},"end":{"line":11,"column":45}}},"2":{"name":"(anonymous_2)","decl":{"start":{"line":38,"column":40},"end":{"line":38,"column":41}},"loc":{"start":{"line":39,"column":28},"end":{"line":39,"column":null}}}},"branchMap":{"0":{"loc":{"start":{"line":14,"column":4},"end":{"line":14,"column":87}},"type":"if","locations":[{"start":{"line":14,"column":4},"end":{"line":14,"column":87}}]},"1":{"loc":{"start":{"line":15,"column":4},"end":{"line":15,"column":86}},"type":"if","locations":[{"start":{"line":15,"column":4},"end":{"line":15,"column":86}}]},"2":{"loc":{"start":{"line":21,"column":17},"end":{"line":22,"column":null}},"type":"binary-expr","locations":[{"start":{"line":21,"column":17},"end":{"line":21,"column":53}},{"start":{"line":22,"column":20},"end":{"line":22,"column":172}}]},"3":{"loc":{"start":{"line":43,"column":99},"end":{"line":43,"column":123}},"type":"binary-expr","locations":[{"start":{"line":43,"column":99},"end":{"line":43,"column":116}},{"start":{"line":43,"column":120},"end":{"line":43,"column":123}}]},"4":{"loc":{"start":{"line":45,"column":118},"end":{"line":45,"column":192}},"type":"cond-expr","locations":[{"start":{"line":45,"column":135},"end":{"line":45,"column":164}},{"start":{"line":45,"column":167},"end":{"line":45,"column":192}}]},"5":{"loc":{"start":{"line":46,"column":41},"end":{"line":46,"column":79}},"type":"cond-expr","locations":[{"start":{"line":46,"column":58},"end":{"line":46,"column":66}},{"start":{"line":46,"column":69},"end":{"line":46,"column":79}}]},"6":{"loc":{"start":{"line":50,"column":37},"end":{"line":51,"column":null}},"type":"binary-expr","locations":[{"start":{"line":50,"column":37},"end":{"line":50,"column":73}},{"start":{"line":51,"column":40},"end":{"line":51,"column":144}}]}},"s":{"0":0,"1":0,"2":0,"3":0,"4":0,"5":0,"6":0,"7":0,"8":0},"f":{"0":0,"1":0,"2":0},"b":{"0":[0],"1":[0],"2":[0,0],"3":[0,0],"4":[0,0],"5":[0,0],"6":[0,0]}}
,"C:\\Users\\souph\\Herd\\qi-survey-webapp\\resources\\js\\pages\\questionnaires\\QuestionnaireForm.tsx": {"path":"C:\\Users\\souph\\Herd\\qi-survey-webapp\\resources\\js\\pages\\questionnaires\\QuestionnaireForm.tsx","statementMap":{"0":{"start":{"line":7,"column":19},"end":{"line":7,"column":30}},"1":{"start":{"line":8,"column":21},"end":{"line":8,"column":34}},"2":{"start":{"line":9,"column":24},"end":{"line":9,"column":40}},"3":{"start":{"line":10,"column":22},"end":{"line":10,"column":26}},"4":{"start":{"line":12,"column":36},"end":{"line":12,"column":122}},"5":{"start":{"line":13,"column":30},"end":{"line":13,"column":42}},"6":{"start":{"line":15,"column":47},"end":{"line":15,"column":162}},"7":{"start":{"line":15,"column":106},"end":{"line":15,"column":139}},"8":{"start":{"line":17,"column":4},"end":{"line":21,"column":24}},"9":{"start":{"line":18,"column":8},"end":{"line":20,"column":9}},"10":{"start":{"line":19,"column":12},"end":{"line":19,"column":233}},"11":{"start":{"line":23,"column":21},"end":{"line":35,"column":6}},"12":{"start":{"line":25,"column":12},"end":{"line":31,"column":13}},"13":{"start":{"line":26,"column":31},"end":{"line":26,"column":61}},"14":{"start":{"line":27,"column":32},"end":{"line":27,"column":66}},"15":{"start":{"line":28,"column":16},"end":{"line":28,"column":117}},"16":{"start":{"line":30,"column":16},"end":{"line":30,"column":55}},"17":{"start":{"line":33,"column":27},"end":{"line":33,"column":91}},"18":{"start":{"line":33,"column":92},"end":{"line":33,"column":120}},"19":{"start":{"line":34,"column":37},"end":{"line":34,"column":104}},"20":{"start":{"line":37,"column":25},"end":{"line":37,"column":113}},"21":{"start":{"line":37,"column":51},"end":{"line":37,"column":70}},"22":{"start":{"line":37,"column":71},"end":{"line":37,"column":84}},"23":{"start":{"line":37,"column":85},"end":{"line":37,"column":111}},"24":{"start":{"line":39,"column":4},"end":{"line":39,"column":87}},"25":{"start":{"line":39,"column":32},"end":{"line":39,"column":87}},"26":{"start":{"line":41,"column":4},"end":{"line":60,"column":6}},"27":{"start":{"line":47,"column":184},"end":{"line":47,"column":234}},"28":{"start":{"line":48,"column":165},"end":{"line":48,"column":216}},"29":{"start":{"line":49,"column":185},"end":{"line":49,"column":242}},"30":{"start":{"line":53,"column":91},"end":{"line":53,"column":150}},"31":{"start":{"line":55,"column":124},"end":{"line":55,"column":181}},"32":{"start":{"line":57,"column":97},"end":{"line":57,"column":124}}},"fnMap":{"0":{"name":"QuestionnaireForm","decl":{"start":{"line":6,"column":24},"end":{"line":6,"column":41}},"loc":{"start":{"line":6,"column":41},"end":{"line":61,"column":1}}},"1":{"name":"(anonymous_1)","decl":{"start":{"line":15,"column":100},"end":{"line":15,"column":103}},"loc":{"start":{"line":15,"column":106},"end":{"line":15,"column":139}}},"2":{"name":"(anonymous_2)","decl":{"start":{"line":17,"column":14},"end":{"line":17,"column":17}},"loc":{"start":{"line":17,"column":19},"end":{"line":21,"column":5}}},"3":{"name":"(anonymous_3)","decl":{"start":{"line":24,"column":20},"end":{"line":24,"column":21}},"loc":{"start":{"line":24,"column":46},"end":{"line":32,"column":9}}},"4":{"name":"(anonymous_4)","decl":{"start":{"line":33,"column":19},"end":{"line":33,"column":22}},"loc":{"start":{"line":33,"column":24},"end":{"line":33,"column":122}}},"5":{"name":"(anonymous_5)","decl":{"start":{"line":34,"column":17},"end":{"line":34,"column":18}},"loc":{"start":{"line":34,"column":34},"end":{"line":34,"column":106}}},"6":{"name":"(anonymous_6)","decl":{"start":{"line":37,"column":25},"end":{"line":37,"column":26}},"loc":{"start":{"line":37,"column":48},"end":{"line":37,"column":113}}},"7":{"name":"(anonymous_7)","decl":{"start":{"line":47,"column":177},"end":{"line":47,"column":178}},"loc":{"start":{"line":47,"column":184},"end":{"line":47,"column":234}}},"8":{"name":"(anonymous_8)","decl":{"start":{"line":48,"column":158},"end":{"line":48,"column":159}},"loc":{"start":{"line":48,"column":165},"end":{"line":48,"column":216}}},"9":{"name":"(anonymous_9)","decl":{"start":{"line":49,"column":178},"end":{"line":49,"column":179}},"loc":{"start":{"line":49,"column":185},"end":{"line":49,"column":242}}},"10":{"name":"(anonymous_10)","decl":{"start":{"line":53,"column":84},"end":{"line":53,"column":85}},"loc":{"start":{"line":53,"column":91},"end":{"line":53,"column":150}}},"11":{"name":"(anonymous_11)","decl":{"start":{"line":55,"column":117},"end":{"line":55,"column":118}},"loc":{"start":{"line":55,"column":124},"end":{"line":55,"column":181}}},"12":{"name":"(anonymous_12)","decl":{"start":{"line":57,"column":91},"end":{"line":57,"column":94}},"loc":{"start":{"line":57,"column":97},"end":{"line":57,"column":124}}}},"branchMap":{"0":{"loc":{"start":{"line":18,"column":8},"end":{"line":20,"column":9}},"type":"if","locations":[{"start":{"line":18,"column":8},"end":{"line":20,"column":9}}]},"1":{"loc":{"start":{"line":19,"column":93},"end":{"line":19,"column":124}},"type":"binary-expr","locations":[{"start":{"line":19,"column":93},"end":{"line":19,"column":118}},{"start":{"line":19,"column":122},"end":{"line":19,"column":124}}]},"2":{"loc":{"start":{"line":28,"column":23},"end":{"line":28,"column":116}},"type":"cond-expr","locations":[{"start":{"line":28,"column":35},"end":{"line":28,"column":80}},{"start":{"line":28,"column":83},"end":{"line":28,"column":116}}]},"3":{"loc":{"start":{"line":34,"column":46},"end":{"line":34,"column":102}},"type":"cond-expr","locations":[{"start":{"line":34,"column":69},"end":{"line":34,"column":80}},{"start":{"line":34,"column":83},"end":{"line":34,"column":102}}]},"4":{"loc":{"start":{"line":39,"column":4},"end":{"line":39,"column":87}},"type":"if","locations":[{"start":{"line":39,"column":4},"end":{"line":39,"column":87}}]},"5":{"loc":{"start":{"line":39,"column":8},"end":{"line":39,"column":30}},"type":"binary-expr","locations":[{"start":{"line":39,"column":8},"end":{"line":39,"column":17}},{"start":{"line":39,"column":21},"end":{"line":39,"column":30}}]},"6":{"loc":{"start":{"line":43,"column":62},"end":{"line":43,"column":119}},"type":"cond-expr","locations":[{"start":{"line":43,"column":74},"end":{"line":43,"column":94}},{"start":{"line":43,"column":97},"end":{"line":43,"column":119}}]},"7":{"loc":{"start":{"line":45,"column":17},"end":{"line":45,"column":102}},"type":"binary-expr","locations":[{"start":{"line":45,"column":17},"end":{"line":45,"column":22}},{"start":{"line":45,"column":26},"end":{"line":45,"column":102}}]},"8":{"loc":{"start":{"line":57,"column":428},"end":{"line":57,"column":469}},"type":"cond-expr","locations":[{"start":{"line":57,"column":449},"end":{"line":57,"column":460}},{"start":{"line":57,"column":463},"end":{"line":57,"column":469}}]}},"s":{"0":0,"1":0,"2":0,"3":0,"4":0,"5":0,"6":0,"7":0,"8":0,"9":0,"10":0,"11":0,"12":0,"13":0,"14":0,"15":0,"16":0,"17":0,"18":0,"19":0,"20":0,"21":0,"22":0,"23":0,"24":0,"25":0,"26":0,"27":0,"28":0,"29":0,"30":0,"31":0,"32":0},"f":{"0":0,"1":0,"2":0,"3":0,"4":0,"5":0,"6":0,"7":0,"8":0,"9":0,"10":0,"11":0,"12":0},"b":{"0":[0],"1":[0,0],"2":[0,0],"3":[0,0],"4":[0],"5":[0,0],"6":[0,0],"7":[0,0],"8":[0,0]}}
,"C:\\Users\\souph\\Herd\\qi-survey-webapp\\resources\\js\\pages\\questionnaires\\QuestionnaireList.tsx": {"path":"C:\\Users\\souph\\Herd\\qi-survey-webapp\\resources\\js\\pages\\questionnaires\\QuestionnaireList.tsx","statementMap":{"0":{"start":{"line":8,"column":30},"end":{"line":8,"column":39}},"1":{"start":{"line":9,"column":39},"end":{"line":9,"column":122}},"2":{"start":{"line":9,"column":95},"end":{"line":9,"column":119}},"3":{"start":{"line":11,"column":4},"end":{"line":11,"column":89}},"4":{"start":{"line":11,"column":19},"end":{"line":11,"column":89}},"5":{"start":{"line":12,"column":4},"end":{"line":12,"column":88}},"6":{"start":{"line":12,"column":15},"end":{"line":12,"column":88}},"7":{"start":{"line":14,"column":4},"end":{"line":50,"column":6}},"8":{"start":{"line":35,"column":28},"end":{"line":35,"column":null}}},"fnMap":{"0":{"name":"QuestionnaireList","decl":{"start":{"line":7,"column":24},"end":{"line":7,"column":41}},"loc":{"start":{"line":7,"column":41},"end":{"line":51,"column":1}}},"1":{"name":"(anonymous_1)","decl":{"start":{"line":9,"column":89},"end":{"line":9,"column":92}},"loc":{"start":{"line":9,"column":95},"end":{"line":9,"column":119}}},"2":{"name":"(anonymous_2)","decl":{"start":{"line":34,"column":40},"end":{"line":34,"column":41}},"loc":{"start":{"line":35,"column":28},"end":{"line":35,"column":null}}}},"branchMap":{"0":{"loc":{"start":{"line":11,"column":4},"end":{"line":11,"column":89}},"type":"if","locations":[{"start":{"line":11,"column":4},"end":{"line":11,"column":89}}]},"1":{"loc":{"start":{"line":12,"column":4},"end":{"line":12,"column":88}},"type":"if","locations":[{"start":{"line":12,"column":4},"end":{"line":12,"column":88}}]},"2":{"loc":{"start":{"line":18,"column":17},"end":{"line":19,"column":null}},"type":"binary-expr","locations":[{"start":{"line":18,"column":17},"end":{"line":18,"column":55}},{"start":{"line":19,"column":20},"end":{"line":19,"column":176}}]},"3":{"loc":{"start":{"line":39,"column":158},"end":{"line":39,"column":229}},"type":"cond-expr","locations":[{"start":{"line":39,"column":172},"end":{"line":39,"column":201}},{"start":{"line":39,"column":204},"end":{"line":39,"column":229}}]},"4":{"loc":{"start":{"line":39,"column":234},"end":{"line":39,"column":269}},"type":"cond-expr","locations":[{"start":{"line":39,"column":248},"end":{"line":39,"column":256}},{"start":{"line":39,"column":259},"end":{"line":39,"column":269}}]},"5":{"loc":{"start":{"line":41,"column":37},"end":{"line":41,"column":191}},"type":"binary-expr","locations":[{"start":{"line":41,"column":37},"end":{"line":41,"column":72}},{"start":{"line":41,"column":76},"end":{"line":41,"column":191}}]},"6":{"loc":{"start":{"line":42,"column":37},"end":{"line":42,"column":182}},"type":"binary-expr","locations":[{"start":{"line":42,"column":37},"end":{"line":42,"column":75}},{"start":{"line":42,"column":79},"end":{"line":42,"column":182}}]}},"s":{"0":0,"1":0,"2":0,"3":0,"4":0,"5":0,"6":0,"7":0,"8":0},"f":{"0":0,"1":0,"2":0},"b":{"0":[0],"1":[0],"2":[0,0],"3":[0,0],"4":[0,0],"5":[0,0],"6":[0,0]}}
,"C:\\Users\\souph\\Herd\\qi-survey-webapp\\resources\\js\\pages\\submissions\\SubmissionForm.tsx": {"path":"C:\\Users\\souph\\Herd\\qi-survey-webapp\\resources\\js\\pages\\submissions\\SubmissionForm.tsx","statementMap":{"0":{"start":{"line":10,"column":36},"end":{"line":10,"column":47}},"1":{"start":{"line":11,"column":21},"end":{"line":11,"column":34}},"2":{"start":{"line":12,"column":24},"end":{"line":12,"column":40}},"3":{"start":{"line":13,"column":22},"end":{"line":13,"column":26}},"4":{"start":{"line":15,"column":42},"end":{"line":15,"column":70}},"5":{"start":{"line":16,"column":30},"end":{"line":16,"column":42}},"6":{"start":{"line":18,"column":65},"end":{"line":22,"column":6}},"7":{"start":{"line":20,"column":23},"end":{"line":20,"column":53}},"8":{"start":{"line":24,"column":71},"end":{"line":28,"column":6}},"9":{"start":{"line":26,"column":23},"end":{"line":26,"column":101}},"10":{"start":{"line":30,"column":4},"end":{"line":38,"column":36}},"11":{"start":{"line":31,"column":8},"end":{"line":37,"column":9}},"12":{"start":{"line":32,"column":26},"end":{"line":32,"column":64}},"13":{"start":{"line":33,"column":12},"end":{"line":35,"column":13}},"14":{"start":{"line":34,"column":16},"end":{"line":34,"column":53}},"15":{"start":{"line":36,"column":12},"end":{"line":36,"column":34}},"16":{"start":{"line":40,"column":25},"end":{"line":54,"column":6}},"17":{"start":{"line":42,"column":12},"end":{"line":44,"column":13}},"18":{"start":{"line":43,"column":16},"end":{"line":43,"column":81}},"19":{"start":{"line":45,"column":12},"end":{"line":45,"column":90}},"20":{"start":{"line":48,"column":12},"end":{"line":48,"column":73}},"21":{"start":{"line":49,"column":12},"end":{"line":49,"column":37}},"22":{"start":{"line":52,"column":12},"end":{"line":52,"column":126}},"23":{"start":{"line":56,"column":27},"end":{"line":74,"column":6}},"24":{"start":{"line":58,"column":31},"end":{"line":58,"column":41}},"25":{"start":{"line":59,"column":12},"end":{"line":64,"column":13}},"26":{"start":{"line":60,"column":32},"end":{"line":60,"column":108}},"27":{"start":{"line":61,"column":16},"end":{"line":61,"column":42}},"28":{"start":{"line":63,"column":16},"end":{"line":63,"column":82}},"29":{"start":{"line":65,"column":12},"end":{"line":65,"column":55}},"30":{"start":{"line":68,"column":12},"end":{"line":68,"column":73}},"31":{"start":{"line":69,"column":12},"end":{"line":69,"column":37}},"32":{"start":{"line":72,"column":12},"end":{"line":72,"column":126}},"33":{"start":{"line":76,"column":28},"end":{"line":80,"column":5}},"34":{"start":{"line":77,"column":8},"end":{"line":79,"column":9}},"35":{"start":{"line":78,"column":12},"end":{"line":78,"column":50}},"36":{"start":{"line":82,"column":25},"end":{"line":86,"column":5}},"37":{"start":{"line":83,"column":8},"end":{"line":85,"column":9}},"38":{"start":{"line":84,"column":12},"end":{"line":84,"column":52}},"39":{"start":{"line":88,"column":4},"end":{"line":90,"column":5}},"40":{"start":{"line":89,"column":8},"end":{"line":89,"column":63}},"41":{"start":{"line":92,"column":4},"end":{"line":135,"column":6}},"42":{"start":{"line":112,"column":35},"end":{"line":112,"column":59}}},"fnMap":{"0":{"name":"SubmissionForm","decl":{"start":{"line":9,"column":24},"end":{"line":9,"column":38}},"loc":{"start":{"line":9,"column":38},"end":{"line":136,"column":1}}},"1":{"name":"(anonymous_1)","decl":{"start":{"line":20,"column":17},"end":{"line":20,"column":20}},"loc":{"start":{"line":20,"column":23},"end":{"line":20,"column":53}}},"2":{"name":"(anonymous_2)","decl":{"start":{"line":26,"column":17},"end":{"line":26,"column":20}},"loc":{"start":{"line":26,"column":23},"end":{"line":26,"column":101}}},"3":{"name":"(anonymous_3)","decl":{"start":{"line":30,"column":14},"end":{"line":30,"column":17}},"loc":{"start":{"line":30,"column":19},"end":{"line":38,"column":5}}},"4":{"name":"(anonymous_4)","decl":{"start":{"line":41,"column":20},"end":{"line":41,"column":25}},"loc":{"start":{"line":41,"column":60},"end":{"line":46,"column":9}}},"5":{"name":"(anonymous_5)","decl":{"start":{"line":47,"column":19},"end":{"line":47,"column":22}},"loc":{"start":{"line":47,"column":24},"end":{"line":50,"column":9}}},"6":{"name":"(anonymous_6)","decl":{"start":{"line":51,"column":17},"end":{"line":51,"column":18}},"loc":{"start":{"line":51,"column":34},"end":{"line":53,"column":9}}},"7":{"name":"(anonymous_7)","decl":{"start":{"line":57,"column":20},"end":{"line":57,"column":25}},"loc":{"start":{"line":57,"column":60},"end":{"line":66,"column":9}}},"8":{"name":"(anonymous_8)","decl":{"start":{"line":67,"column":19},"end":{"line":67,"column":22}},"loc":{"start":{"line":67,"column":24},"end":{"line":70,"column":9}}},"9":{"name":"(anonymous_9)","decl":{"start":{"line":71,"column":17},"end":{"line":71,"column":18}},"loc":{"start":{"line":71,"column":34},"end":{"line":73,"column":9}}},"10":{"name":"(anonymous_10)","decl":{"start":{"line":76,"column":28},"end":{"line":76,"column":31}},"loc":{"start":{"line":76,"column":33},"end":{"line":80,"column":5}}},"11":{"name":"(anonymous_11)","decl":{"start":{"line":82,"column":25},"end":{"line":82,"column":28}},"loc":{"start":{"line":82,"column":30},"end":{"line":86,"column":5}}},"12":{"name":"(anonymous_12)","decl":{"start":{"line":112,"column":29},"end":{"line":112,"column":32}},"loc":{"start":{"line":112,"column":35},"end":{"line":112,"column":59}}}},"branchMap":{"0":{"loc":{"start":{"line":25,"column":36},"end":{"line":25,"column":83}},"type":"binary-expr","locations":[{"start":{"line":25,"column":36},"end":{"line":25,"column":51}},{"start":{"line":25,"column":55},"end":{"line":25,"column":83}}]},"1":{"loc":{"start":{"line":26,"column":52},"end":{"line":26,"column":99}},"type":"binary-expr","locations":[{"start":{"line":26,"column":52},"end":{"line":26,"column":67}},{"start":{"line":26,"column":71},"end":{"line":26,"column":99}}]},"2":{"loc":{"start":{"line":27,"column":20},"end":{"line":27,"column":67}},"type":"binary-expr","locations":[{"start":{"line":27,"column":20},"end":{"line":27,"column":35}},{"start":{"line":27,"column":39},"end":{"line":27,"column":67}}]},"3":{"loc":{"start":{"line":31,"column":8},"end":{"line":37,"column":9}},"type":"if","locations":[{"start":{"line":31,"column":8},"end":{"line":37,"column":9}}]},"4":{"loc":{"start":{"line":33,"column":12},"end":{"line":35,"column":13}},"type":"if","locations":[{"start":{"line":33,"column":12},"end":{"line":35,"column":13}}]},"5":{"loc":{"start":{"line":42,"column":12},"end":{"line":44,"column":13}},"type":"if","locations":[{"start":{"line":42,"column":12},"end":{"line":44,"column":13}}]},"6":{"loc":{"start":{"line":52,"column":22},"end":{"line":52,"column":124}},"type":"binary-expr","locations":[{"start":{"line":52,"column":22},"end":{"line":52,"column":101}},{"start":{"line":52,"column":105},"end":{"line":52,"column":124}}]},"7":{"loc":{"start":{"line":59,"column":12},"end":{"line":64,"column":13}},"type":"if","locations":[{"start":{"line":59,"column":12},"end":{"line":64,"column":13}},{"start":{"line":62,"column":19},"end":{"line":64,"column":13}}]},"8":{"loc":{"start":{"line":72,"column":22},"end":{"line":72,"column":124}},"type":"binary-expr","locations":[{"start":{"line":72,"column":22},"end":{"line":72,"column":101}},{"start":{"line":72,"column":105},"end":{"line":72,"column":124}}]},"9":{"loc":{"start":{"line":77,"column":8},"end":{"line":79,"column":9}},"type":"if","locations":[{"start":{"line":77,"column":8},"end":{"line":79,"column":9}}]},"10":{"loc":{"start":{"line":83,"column":8},"end":{"line":85,"column":9}},"type":"if","locations":[{"start":{"line":83,"column":8},"end":{"line":85,"column":9}}]},"11":{"loc":{"start":{"line":88,"column":4},"end":{"line":90,"column":5}},"type":"if","locations":[{"start":{"line":88,"column":4},"end":{"line":90,"column":5}}]},"12":{"loc":{"start":{"line":88,"column":8},"end":{"line":88,"column":68}},"type":"binary-expr","locations":[{"start":{"line":88,"column":9},"end":{"line":88,"column":18}},{"start":{"line":88,"column":22},"end":{"line":88,"column":41}},{"start":{"line":88,"column":46},"end":{"line":88,"column":68}}]},"13":{"loc":{"start":{"line":96,"column":21},"end":{"line":96,"column":69}},"type":"cond-expr","locations":[{"start":{"line":96,"column":33},"end":{"line":96,"column":50}},{"start":{"line":96,"column":53},"end":{"line":96,"column":69}}]},"14":{"loc":{"start":{"line":97,"column":21},"end":{"line":97,"column":65}},"type":"binary-expr","locations":[{"start":{"line":97,"column":21},"end":{"line":97,"column":34}},{"start":{"line":97,"column":38},"end":{"line":97,"column":65}}]},"15":{"loc":{"start":{"line":101,"column":13},"end":{"line":101,"column":98}},"type":"binary-expr","locations":[{"start":{"line":101,"column":13},"end":{"line":101,"column":18}},{"start":{"line":101,"column":22},"end":{"line":101,"column":98}}]},"16":{"loc":{"start":{"line":103,"column":13},"end":{"line":106,"column":null}},"type":"binary-expr","locations":[{"start":{"line":103,"column":13},"end":{"line":103,"column":24}},{"start":{"line":104,"column":16},"end":{"line":105,"column":null}}]},"17":{"loc":{"start":{"line":123,"column":21},"end":{"line":123,"column":72}},"type":"cond-expr","locations":[{"start":{"line":123,"column":46},"end":{"line":123,"column":57}},{"start":{"line":123,"column":60},"end":{"line":123,"column":72}}]},"18":{"loc":{"start":{"line":131,"column":21},"end":{"line":131,"column":74}},"type":"cond-expr","locations":[{"start":{"line":131,"column":48},"end":{"line":131,"column":63}},{"start":{"line":131,"column":66},"end":{"line":131,"column":74}}]}},"s":{"0":0,"1":0,"2":0,"3":0,"4":0,"5":0,"6":0,"7":0,"8":0,"9":0,"10":0,"11":0,"12":0,"13":0,"14":0,"15":0,"16":0,"17":0,"18":0,"19":0,"20":0,"21":0,"22":0,"23":0,"24":0,"25":0,"26":0,"27":0,"28":0,"29":0,"30":0,"31":0,"32":0,"33":0,"34":0,"35":0,"36":0,"37":0,"38":0,"39":0,"40":0,"41":0,"42":0},"f":{"0":0,"1":0,"2":0,"3":0,"4":0,"5":0,"6":0,"7":0,"8":0,"9":0,"10":0,"11":0,"12":0},"b":{"0":[0,0],"1":[0,0],"2":[0,0],"3":[0],"4":[0],"5":[0],"6":[0,0],"7":[0,0],"8":[0,0],"9":[0],"10":[0],"11":[0],"12":[0,0,0],"13":[0,0],"14":[0,0],"15":[0,0],"16":[0,0],"17":[0,0],"18":[0,0]}}
,"C:\\Users\\souph\\Herd\\qi-survey-webapp\\resources\\js\\pages\\submissions\\SubmissionList.tsx": {"path":"C:\\Users\\souph\\Herd\\qi-survey-webapp\\resources\\js\\pages\\submissions\\SubmissionList.tsx","statementMap":{"0":{"start":{"line":8,"column":30},"end":{"line":8,"column":39}},"1":{"start":{"line":9,"column":39},"end":{"line":9,"column":116}},"2":{"start":{"line":9,"column":92},"end":{"line":9,"column":113}},"3":{"start":{"line":11,"column":4},"end":{"line":11,"column":86}},"4":{"start":{"line":11,"column":19},"end":{"line":11,"column":86}},"5":{"start":{"line":12,"column":4},"end":{"line":12,"column":85}},"6":{"start":{"line":12,"column":15},"end":{"line":12,"column":85}},"7":{"start":{"line":14,"column":49},"end":{"line":14,"column":209}},"8":{"start":{"line":16,"column":4},"end":{"line":51,"column":6}},"9":{"start":{"line":35,"column":28},"end":{"line":35,"column":null}}},"fnMap":{"0":{"name":"SubmissionList","decl":{"start":{"line":7,"column":24},"end":{"line":7,"column":38}},"loc":{"start":{"line":7,"column":38},"end":{"line":52,"column":1}}},"1":{"name":"(anonymous_1)","decl":{"start":{"line":9,"column":86},"end":{"line":9,"column":89}},"loc":{"start":{"line":9,"column":92},"end":{"line":9,"column":113}}},"2":{"name":"(anonymous_2)","decl":{"start":{"line":34,"column":40},"end":{"line":34,"column":41}},"loc":{"start":{"line":35,"column":28},"end":{"line":35,"column":null}}}},"branchMap":{"0":{"loc":{"start":{"line":11,"column":4},"end":{"line":11,"column":86}},"type":"if","locations":[{"start":{"line":11,"column":4},"end":{"line":11,"column":86}}]},"1":{"loc":{"start":{"line":12,"column":4},"end":{"line":12,"column":85}},"type":"if","locations":[{"start":{"line":12,"column":4},"end":{"line":12,"column":85}}]},"2":{"loc":{"start":{"line":43,"column":37},"end":{"line":43,"column":193}},"type":"binary-expr","locations":[{"start":{"line":43,"column":37},"end":{"line":43,"column":52}},{"start":{"line":43,"column":56},"end":{"line":43,"column":91}},{"start":{"line":43,"column":95},"end":{"line":43,"column":193}}]}},"s":{"0":0,"1":0,"2":0,"3":0,"4":0,"5":0,"6":0,"7":0,"8":0,"9":0},"f":{"0":0,"1":0,"2":0},"b":{"0":[0],"1":[0],"2":[0,0,0]}}
,"C:\\Users\\souph\\Herd\\qi-survey-webapp\\resources\\js\\pages\\submissions\\SubmissionView.tsx": {"path":"C:\\Users\\souph\\Herd\\qi-survey-webapp\\resources\\js\\pages\\submissions\\SubmissionView.tsx","statementMap":{"0":{"start":{"line":11,"column":19},"end":{"line":11,"column":30}},"1":{"start":{"line":12,"column":21},"end":{"line":12,"column":34}},"2":{"start":{"line":13,"column":24},"end":{"line":13,"column":40}},"3":{"start":{"line":14,"column":30},"end":{"line":14,"column":39}},"4":{"start":{"line":16,"column":42},"end":{"line":16,"column":70}},"5":{"start":{"line":17,"column":42},"end":{"line":17,"column":57}},"6":{"start":{"line":18,"column":46},"end":{"line":18,"column":58}},"7":{"start":{"line":19,"column":30},"end":{"line":19,"column":42}},"8":{"start":{"line":21,"column":44},"end":{"line":24,"column":6}},"9":{"start":{"line":23,"column":23},"end":{"line":23,"column":53}},"10":{"start":{"line":26,"column":4},"end":{"line":33,"column":21}},"11":{"start":{"line":27,"column":8},"end":{"line":32,"column":9}},"12":{"start":{"line":28,"column":26},"end":{"line":28,"column":75}},"13":{"start":{"line":29,"column":12},"end":{"line":29,"column":55}},"14":{"start":{"line":30,"column":12},"end":{"line":30,"column":35}},"15":{"start":{"line":31,"column":12},"end":{"line":31,"column":34}},"16":{"start":{"line":35,"column":28},"end":{"line":39,"column":6}},"17":{"start":{"line":36,"column":26},"end":{"line":36,"column":60}},"18":{"start":{"line":37,"column":27},"end":{"line":37,"column":91}},"19":{"start":{"line":38,"column":37},"end":{"line":38,"column":139}},"20":{"start":{"line":41,"column":27},"end":{"line":45,"column":6}},"21":{"start":{"line":42,"column":26},"end":{"line":42,"column":74}},"22":{"start":{"line":43,"column":27},"end":{"line":43,"column":91}},"23":{"start":{"line":43,"column":92},"end":{"line":43,"column":114}},"24":{"start":{"line":44,"column":37},"end":{"line":44,"column":139}},"25":{"start":{"line":47,"column":4},"end":{"line":47,"column":74}},"26":{"start":{"line":47,"column":19},"end":{"line":47,"column":74}},"27":{"start":{"line":48,"column":4},"end":{"line":48,"column":85}},"28":{"start":{"line":48,"column":21},"end":{"line":48,"column":85}},"29":{"start":{"line":50,"column":49},"end":{"line":50,"column":209}},"30":{"start":{"line":52,"column":4},"end":{"line":97,"column":6}},"31":{"start":{"line":76,"column":39},"end":{"line":76,"column":63}},"32":{"start":{"line":77,"column":107},"end":{"line":77,"column":142}},"33":{"start":{"line":79,"column":43},"end":{"line":79,"column":67}},"34":{"start":{"line":80,"column":43},"end":{"line":80,"column":63}},"35":{"start":{"line":88,"column":73},"end":{"line":88,"column":105}},"36":{"start":{"line":90,"column":51},"end":{"line":90,"column":72}},"37":{"start":{"line":91,"column":51},"end":{"line":91,"column":74}}},"fnMap":{"0":{"name":"SubmissionView","decl":{"start":{"line":10,"column":24},"end":{"line":10,"column":38}},"loc":{"start":{"line":10,"column":38},"end":{"line":98,"column":1}}},"1":{"name":"(anonymous_1)","decl":{"start":{"line":23,"column":17},"end":{"line":23,"column":20}},"loc":{"start":{"line":23,"column":23},"end":{"line":23,"column":53}}},"2":{"name":"(anonymous_2)","decl":{"start":{"line":26,"column":14},"end":{"line":26,"column":17}},"loc":{"start":{"line":26,"column":19},"end":{"line":33,"column":5}}},"3":{"name":"(anonymous_3)","decl":{"start":{"line":36,"column":20},"end":{"line":36,"column":23}},"loc":{"start":{"line":36,"column":26},"end":{"line":36,"column":60}}},"4":{"name":"(anonymous_4)","decl":{"start":{"line":37,"column":19},"end":{"line":37,"column":22}},"loc":{"start":{"line":37,"column":24},"end":{"line":37,"column":93}}},"5":{"name":"(anonymous_5)","decl":{"start":{"line":38,"column":17},"end":{"line":38,"column":18}},"loc":{"start":{"line":38,"column":34},"end":{"line":38,"column":141}}},"6":{"name":"(anonymous_6)","decl":{"start":{"line":42,"column":20},"end":{"line":42,"column":23}},"loc":{"start":{"line":42,"column":26},"end":{"line":42,"column":74}}},"7":{"name":"(anonymous_7)","decl":{"start":{"line":43,"column":19},"end":{"line":43,"column":22}},"loc":{"start":{"line":43,"column":24},"end":{"line":43,"column":116}}},"8":{"name":"(anonymous_8)","decl":{"start":{"line":44,"column":17},"end":{"line":44,"column":18}},"loc":{"start":{"line":44,"column":34},"end":{"line":44,"column":141}}},"9":{"name":"(anonymous_9)","decl":{"start":{"line":76,"column":33},"end":{"line":76,"column":36}},"loc":{"start":{"line":76,"column":39},"end":{"line":76,"column":63}}},"10":{"name":"(anonymous_10)","decl":{"start":{"line":77,"column":101},"end":{"line":77,"column":104}},"loc":{"start":{"line":77,"column":107},"end":{"line":77,"column":142}}},"11":{"name":"(anonymous_11)","decl":{"start":{"line":79,"column":37},"end":{"line":79,"column":40}},"loc":{"start":{"line":79,"column":43},"end":{"line":79,"column":67}}},"12":{"name":"(anonymous_12)","decl":{"start":{"line":80,"column":37},"end":{"line":80,"column":40}},"loc":{"start":{"line":80,"column":43},"end":{"line":80,"column":63}}},"13":{"name":"(anonymous_13)","decl":{"start":{"line":88,"column":66},"end":{"line":88,"column":67}},"loc":{"start":{"line":88,"column":73},"end":{"line":88,"column":105}}},"14":{"name":"(anonymous_14)","decl":{"start":{"line":90,"column":45},"end":{"line":90,"column":48}},"loc":{"start":{"line":90,"column":51},"end":{"line":90,"column":72}}},"15":{"name":"(anonymous_15)","decl":{"start":{"line":91,"column":45},"end":{"line":91,"column":48}},"loc":{"start":{"line":91,"column":51},"end":{"line":91,"column":74}}}},"branchMap":{"0":{"loc":{"start":{"line":27,"column":8},"end":{"line":32,"column":9}},"type":"if","locations":[{"start":{"line":27,"column":8},"end":{"line":32,"column":9}}]},"1":{"loc":{"start":{"line":29,"column":25},"end":{"line":29,"column":54}},"type":"binary-expr","locations":[{"start":{"line":29,"column":25},"end":{"line":29,"column":48}},{"start":{"line":29,"column":52},"end":{"line":29,"column":54}}]},"2":{"loc":{"start":{"line":38,"column":47},"end":{"line":38,"column":137}},"type":"binary-expr","locations":[{"start":{"line":38,"column":47},"end":{"line":38,"column":126}},{"start":{"line":38,"column":130},"end":{"line":38,"column":137}}]},"3":{"loc":{"start":{"line":44,"column":47},"end":{"line":44,"column":137}},"type":"binary-expr","locations":[{"start":{"line":44,"column":47},"end":{"line":44,"column":126}},{"start":{"line":44,"column":130},"end":{"line":44,"column":137}}]},"4":{"loc":{"start":{"line":47,"column":4},"end":{"line":47,"column":74}},"type":"if","locations":[{"start":{"line":47,"column":4},"end":{"line":47,"column":74}}]},"5":{"loc":{"start":{"line":48,"column":4},"end":{"line":48,"column":85}},"type":"if","locations":[{"start":{"line":48,"column":4},"end":{"line":48,"column":85}}]},"6":{"loc":{"start":{"line":59,"column":13},"end":{"line":59,"column":98}},"type":"binary-expr","locations":[{"start":{"line":59,"column":13},"end":{"line":59,"column":18}},{"start":{"line":59,"column":22},"end":{"line":59,"column":98}}]},"7":{"loc":{"start":{"line":67,"column":21},"end":{"line":67,"column":226}},"type":"binary-expr","locations":[{"start":{"line":67,"column":21},"end":{"line":67,"column":44}},{"start":{"line":67,"column":48},"end":{"line":67,"column":226}}]},"8":{"loc":{"start":{"line":68,"column":21},"end":{"line":68,"column":257}},"type":"binary-expr","locations":[{"start":{"line":68,"column":21},"end":{"line":68,"column":43}},{"start":{"line":68,"column":47},"end":{"line":68,"column":257}}]},"9":{"loc":{"start":{"line":69,"column":21},"end":{"line":69,"column":439}},"type":"binary-expr","locations":[{"start":{"line":69,"column":21},"end":{"line":69,"column":43}},{"start":{"line":69,"column":47},"end":{"line":69,"column":439}}]},"10":{"loc":{"start":{"line":73,"column":13},"end":{"line":73,"column":112}},"type":"binary-expr","locations":[{"start":{"line":73,"column":13},"end":{"line":73,"column":24}},{"start":{"line":73,"column":28},"end":{"line":73,"column":112}}]},"11":{"loc":{"start":{"line":77,"column":17},"end":{"line":77,"column":255}},"type":"binary-expr","locations":[{"start":{"line":77,"column":17},"end":{"line":77,"column":41}},{"start":{"line":77,"column":45},"end":{"line":77,"column":80}},{"start":{"line":77,"column":84},"end":{"line":77,"column":255}}]},"12":{"loc":{"start":{"line":78,"column":17},"end":{"line":81,"column":20}},"type":"binary-expr","locations":[{"start":{"line":78,"column":17},"end":{"line":78,"column":50}},{"start":{"line":78,"column":54},"end":{"line":78,"column":90}},{"start":{"line":78,"column":95},"end":{"line":80,"column":null}}]},"13":{"loc":{"start":{"line":79,"column":223},"end":{"line":79,"column":277}},"type":"cond-expr","locations":[{"start":{"line":79,"column":251},"end":{"line":79,"column":265}},{"start":{"line":79,"column":268},"end":{"line":79,"column":277}}]},"14":{"loc":{"start":{"line":84,"column":13},"end":{"line":94,"column":null}},"type":"binary-expr","locations":[{"start":{"line":84,"column":13},"end":{"line":84,"column":24}},{"start":{"line":85,"column":16},"end":{"line":93,"column":null}}]},"15":{"loc":{"start":{"line":91,"column":86},"end":{"line":91,"column":135}},"type":"binary-expr","locations":[{"start":{"line":91,"column":86},"end":{"line":91,"column":110}},{"start":{"line":91,"column":114},"end":{"line":91,"column":135}}]},"16":{"loc":{"start":{"line":91,"column":250},"end":{"line":91,"column":302}},"type":"cond-expr","locations":[{"start":{"line":91,"column":277},"end":{"line":91,"column":291}},{"start":{"line":91,"column":294},"end":{"line":91,"column":302}}]}},"s":{"0":0,"1":0,"2":0,"3":0,"4":0,"5":0,"6":0,"7":0,"8":0,"9":0,"10":0,"11":0,"12":0,"13":0,"14":0,"15":0,"16":0,"17":0,"18":0,"19":0,"20":0,"21":0,"22":0,"23":0,"24":0,"25":0,"26":0,"27":0,"28":0,"29":0,"30":0,"31":0,"32":0,"33":0,"34":0,"35":0,"36":0,"37":0},"f":{"0":0,"1":0,"2":0,"3":0,"4":0,"5":0,"6":0,"7":0,"8":0,"9":0,"10":0,"11":0,"12":0,"13":0,"14":0,"15":0},"b":{"0":[0],"1":[0,0],"2":[0,0],"3":[0,0],"4":[0],"5":[0],"6":[0,0],"7":[0,0],"8":[0,0],"9":[0,0],"10":[0,0],"11":[0,0,0],"12":[0,0,0],"13":[0,0],"14":[0,0],"15":[0,0],"16":[0,0]}}
,"C:\\Users\\souph\\Herd\\qi-survey-webapp\\resources\\js\\pages\\users\\UserForm.tsx": {"path":"C:\\Users\\souph\\Herd\\qi-survey-webapp\\resources\\js\\pages\\users\\UserForm.tsx","statementMap":{"0":{"start":{"line":7,"column":19},"end":{"line":7,"column":30}},"1":{"start":{"line":8,"column":21},"end":{"line":8,"column":34}},"2":{"start":{"line":9,"column":24},"end":{"line":9,"column":40}},"3":{"start":{"line":10,"column":22},"end":{"line":10,"column":26}},"4":{"start":{"line":12,"column":36},"end":{"line":19,"column":6}},"5":{"start":{"line":20,"column":30},"end":{"line":20,"column":42}},"6":{"start":{"line":22,"column":53},"end":{"line":26,"column":6}},"7":{"start":{"line":24,"column":23},"end":{"line":24,"column":47}},"8":{"start":{"line":28,"column":35},"end":{"line":31,"column":6}},"9":{"start":{"line":30,"column":23},"end":{"line":30,"column":47}},"10":{"start":{"line":33,"column":4},"end":{"line":44,"column":15}},"11":{"start":{"line":34,"column":8},"end":{"line":43,"column":9}},"12":{"start":{"line":35,"column":12},"end":{"line":42,"column":15}},"13":{"start":{"line":46,"column":21},"end":{"line":69,"column":6}},"14":{"start":{"line":48,"column":28},"end":{"line":51,"column":14}},"15":{"start":{"line":52,"column":12},"end":{"line":54,"column":13}},"16":{"start":{"line":53,"column":16},"end":{"line":53,"column":60}},"17":{"start":{"line":55,"column":12},"end":{"line":55,"column":85}},"18":{"start":{"line":58,"column":12},"end":{"line":58,"column":67}},"19":{"start":{"line":59,"column":12},"end":{"line":59,"column":31}},"20":{"start":{"line":62,"column":12},"end":{"line":67,"column":13}},"21":{"start":{"line":63,"column":35},"end":{"line":63,"column":88}},"22":{"start":{"line":64,"column":16},"end":{"line":64,"column":84}},"23":{"start":{"line":66,"column":16},"end":{"line":66,"column":46}},"24":{"start":{"line":71,"column":25},"end":{"line":75,"column":5}},"25":{"start":{"line":72,"column":8},"end":{"line":72,"column":27}},"26":{"start":{"line":73,"column":8},"end":{"line":73,"column":21}},"27":{"start":{"line":74,"column":8},"end":{"line":74,"column":34}},"28":{"start":{"line":77,"column":4},"end":{"line":79,"column":5}},"29":{"start":{"line":78,"column":8},"end":{"line":78,"column":68}},"30":{"start":{"line":81,"column":4},"end":{"line":125,"column":6}},"31":{"start":{"line":89,"column":91},"end":{"line":89,"column":141}},"32":{"start":{"line":93,"column":93},"end":{"line":93,"column":144}},"33":{"start":{"line":97,"column":112},"end":{"line":97,"column":166}},"34":{"start":{"line":101,"column":90},"end":{"line":101,"column":150}},"35":{"start":{"line":103,"column":58},"end":{"line":103,"column":80}},"36":{"start":{"line":108,"column":80},"end":{"line":108,"column":130}},"37":{"start":{"line":115,"column":93},"end":{"line":115,"column":150}},"38":{"start":{"line":120,"column":57},"end":{"line":120,"column":75}}},"fnMap":{"0":{"name":"UserForm","decl":{"start":{"line":6,"column":24},"end":{"line":6,"column":32}},"loc":{"start":{"line":6,"column":32},"end":{"line":126,"column":1}}},"1":{"name":"(anonymous_1)","decl":{"start":{"line":24,"column":17},"end":{"line":24,"column":20}},"loc":{"start":{"line":24,"column":23},"end":{"line":24,"column":47}}},"2":{"name":"(anonymous_2)","decl":{"start":{"line":30,"column":17},"end":{"line":30,"column":20}},"loc":{"start":{"line":30,"column":23},"end":{"line":30,"column":47}}},"3":{"name":"(anonymous_3)","decl":{"start":{"line":33,"column":14},"end":{"line":33,"column":17}},"loc":{"start":{"line":33,"column":19},"end":{"line":44,"column":5}}},"4":{"name":"(anonymous_4)","decl":{"start":{"line":47,"column":20},"end":{"line":47,"column":21}},"loc":{"start":{"line":47,"column":46},"end":{"line":56,"column":9}}},"5":{"name":"(anonymous_5)","decl":{"start":{"line":57,"column":19},"end":{"line":57,"column":22}},"loc":{"start":{"line":57,"column":24},"end":{"line":60,"column":9}}},"6":{"name":"(anonymous_6)","decl":{"start":{"line":61,"column":17},"end":{"line":61,"column":18}},"loc":{"start":{"line":61,"column":34},"end":{"line":68,"column":9}}},"7":{"name":"(anonymous_7)","decl":{"start":{"line":71,"column":25},"end":{"line":71,"column":26}},"loc":{"start":{"line":71,"column":48},"end":{"line":75,"column":5}}},"8":{"name":"(anonymous_8)","decl":{"start":{"line":89,"column":84},"end":{"line":89,"column":85}},"loc":{"start":{"line":89,"column":91},"end":{"line":89,"column":141}}},"9":{"name":"(anonymous_9)","decl":{"start":{"line":93,"column":86},"end":{"line":93,"column":87}},"loc":{"start":{"line":93,"column":93},"end":{"line":93,"column":144}}},"10":{"name":"(anonymous_10)","decl":{"start":{"line":97,"column":105},"end":{"line":97,"column":106}},"loc":{"start":{"line":97,"column":112},"end":{"line":97,"column":166}}},"11":{"name":"(anonymous_11)","decl":{"start":{"line":101,"column":83},"end":{"line":101,"column":84}},"loc":{"start":{"line":101,"column":90},"end":{"line":101,"column":150}}},"12":{"name":"(anonymous_12)","decl":{"start":{"line":103,"column":47},"end":{"line":103,"column":48}},"loc":{"start":{"line":103,"column":58},"end":{"line":103,"column":80}}},"13":{"name":"(anonymous_13)","decl":{"start":{"line":108,"column":73},"end":{"line":108,"column":74}},"loc":{"start":{"line":108,"column":80},"end":{"line":108,"column":130}}},"14":{"name":"(anonymous_14)","decl":{"start":{"line":115,"column":86},"end":{"line":115,"column":87}},"loc":{"start":{"line":115,"column":93},"end":{"line":115,"column":150}}},"15":{"name":"(anonymous_15)","decl":{"start":{"line":120,"column":51},"end":{"line":120,"column":54}},"loc":{"start":{"line":120,"column":57},"end":{"line":120,"column":75}}}},"branchMap":{"0":{"loc":{"start":{"line":34,"column":8},"end":{"line":43,"column":9}},"type":"if","locations":[{"start":{"line":34,"column":8},"end":{"line":43,"column":9}}]},"1":{"loc":{"start":{"line":39,"column":32},"end":{"line":39,"column":69}},"type":"binary-expr","locations":[{"start":{"line":39,"column":32},"end":{"line":39,"column":63}},{"start":{"line":39,"column":67},"end":{"line":39,"column":69}}]},"2":{"loc":{"start":{"line":40,"column":22},"end":{"line":40,"column":53}},"type":"binary-expr","locations":[{"start":{"line":40,"column":22},"end":{"line":40,"column":37}},{"start":{"line":40,"column":41},"end":{"line":40,"column":53}}]},"3":{"loc":{"start":{"line":52,"column":12},"end":{"line":54,"column":13}},"type":"if","locations":[{"start":{"line":52,"column":12},"end":{"line":54,"column":13}}]},"4":{"loc":{"start":{"line":62,"column":12},"end":{"line":67,"column":13}},"type":"if","locations":[{"start":{"line":62,"column":12},"end":{"line":67,"column":13}},{"start":{"line":65,"column":19},"end":{"line":67,"column":13}}]},"5":{"loc":{"start":{"line":62,"column":16},"end":{"line":62,"column":67}},"type":"binary-expr","locations":[{"start":{"line":62,"column":16},"end":{"line":62,"column":19}},{"start":{"line":62,"column":23},"end":{"line":62,"column":46}},{"start":{"line":62,"column":50},"end":{"line":62,"column":67}}]},"6":{"loc":{"start":{"line":64,"column":25},"end":{"line":64,"column":82}},"type":"binary-expr","locations":[{"start":{"line":64,"column":25},"end":{"line":64,"column":59}},{"start":{"line":64,"column":63},"end":{"line":64,"column":82}}]},"7":{"loc":{"start":{"line":77,"column":4},"end":{"line":79,"column":5}},"type":"if","locations":[{"start":{"line":77,"column":4},"end":{"line":79,"column":5}}]},"8":{"loc":{"start":{"line":77,"column":8},"end":{"line":77,"column":34}},"type":"binary-expr","locations":[{"start":{"line":77,"column":8},"end":{"line":77,"column":17}},{"start":{"line":77,"column":21},"end":{"line":77,"column":34}}]},"9":{"loc":{"start":{"line":83,"column":62},"end":{"line":83,"column":101}},"type":"cond-expr","locations":[{"start":{"line":83,"column":74},"end":{"line":83,"column":85}},{"start":{"line":83,"column":88},"end":{"line":83,"column":101}}]},"10":{"loc":{"start":{"line":85,"column":17},"end":{"line":85,"column":102}},"type":"binary-expr","locations":[{"start":{"line":85,"column":17},"end":{"line":85,"column":22}},{"start":{"line":85,"column":26},"end":{"line":85,"column":102}}]},"11":{"loc":{"start":{"line":96,"column":93},"end":{"line":96,"column":137}},"type":"binary-expr","locations":[{"start":{"line":96,"column":93},"end":{"line":96,"column":102}},{"start":{"line":96,"column":106},"end":{"line":96,"column":137}}]},"12":{"loc":{"start":{"line":121,"column":191},"end":{"line":121,"column":232}},"type":"cond-expr","locations":[{"start":{"line":121,"column":212},"end":{"line":121,"column":223}},{"start":{"line":121,"column":226},"end":{"line":121,"column":232}}]}},"s":{"0":0,"1":0,"2":0,"3":0,"4":0,"5":0,"6":0,"7":0,"8":0,"9":0,"10":0,"11":0,"12":0,"13":0,"14":0,"15":0,"16":0,"17":0,"18":0,"19":0,"20":0,"21":0,"22":0,"23":0,"24":0,"25":0,"26":0,"27":0,"28":0,"29":0,"30":0,"31":0,"32":0,"33":0,"34":0,"35":0,"36":0,"37":0,"38":0},"f":{"0":0,"1":0,"2":0,"3":0,"4":0,"5":0,"6":0,"7":0,"8":0,"9":0,"10":0,"11":0,"12":0,"13":0,"14":0,"15":0},"b":{"0":[0],"1":[0,0],"2":[0,0],"3":[0],"4":[0,0],"5":[0,0,0],"6":[0,0],"7":[0],"8":[0,0],"9":[0,0],"10":[0,0],"11":[0,0],"12":[0,0]}}
,"C:\\Users\\souph\\Herd\\qi-survey-webapp\\resources\\js\\pages\\users\\UserList.tsx": {"path":"C:\\Users\\souph\\Herd\\qi-survey-webapp\\resources\\js\\pages\\users\\UserList.tsx","statementMap":{"0":{"start":{"line":8,"column":30},"end":{"line":8,"column":39}},"1":{"start":{"line":9,"column":39},"end":{"line":12,"column":6}},"2":{"start":{"line":11,"column":23},"end":{"line":11,"column":38}},"3":{"start":{"line":14,"column":4},"end":{"line":14,"column":80}},"4":{"start":{"line":14,"column":19},"end":{"line":14,"column":80}},"5":{"start":{"line":15,"column":4},"end":{"line":15,"column":79}},"6":{"start":{"line":15,"column":15},"end":{"line":15,"column":79}},"7":{"start":{"line":17,"column":4},"end":{"line":65,"column":6}},"8":{"start":{"line":44,"column":28},"end":{"line":44,"column":null}}},"fnMap":{"0":{"name":"UserList","decl":{"start":{"line":7,"column":24},"end":{"line":7,"column":32}},"loc":{"start":{"line":7,"column":32},"end":{"line":66,"column":1}}},"1":{"name":"(anonymous_1)","decl":{"start":{"line":11,"column":17},"end":{"line":11,"column":20}},"loc":{"start":{"line":11,"column":23},"end":{"line":11,"column":38}}},"2":{"name":"(anonymous_2)","decl":{"start":{"line":43,"column":40},"end":{"line":43,"column":41}},"loc":{"start":{"line":44,"column":28},"end":{"line":44,"column":null}}}},"branchMap":{"0":{"loc":{"start":{"line":14,"column":4},"end":{"line":14,"column":80}},"type":"if","locations":[{"start":{"line":14,"column":4},"end":{"line":14,"column":80}}]},"1":{"loc":{"start":{"line":15,"column":4},"end":{"line":15,"column":79}},"type":"if","locations":[{"start":{"line":15,"column":4},"end":{"line":15,"column":79}}]},"2":{"loc":{"start":{"line":21,"column":17},"end":{"line":27,"column":null}},"type":"binary-expr","locations":[{"start":{"line":21,"column":17},"end":{"line":21,"column":46}},{"start":{"line":22,"column":20},"end":{"line":24,"column":null}}]},"3":{"loc":{"start":{"line":47,"column":99},"end":{"line":47,"column":128}},"type":"binary-expr","locations":[{"start":{"line":47,"column":99},"end":{"line":47,"column":121}},{"start":{"line":47,"column":125},"end":{"line":47,"column":128}}]},"4":{"loc":{"start":{"line":48,"column":99},"end":{"line":48,"column":128}},"type":"binary-expr","locations":[{"start":{"line":48,"column":99},"end":{"line":48,"column":121}},{"start":{"line":48,"column":125},"end":{"line":48,"column":128}}]},"5":{"loc":{"start":{"line":50,"column":118},"end":{"line":50,"column":192}},"type":"cond-expr","locations":[{"start":{"line":50,"column":135},"end":{"line":50,"column":164}},{"start":{"line":50,"column":167},"end":{"line":50,"column":192}}]},"6":{"loc":{"start":{"line":51,"column":41},"end":{"line":51,"column":79}},"type":"cond-expr","locations":[{"start":{"line":51,"column":58},"end":{"line":51,"column":66}},{"start":{"line":51,"column":69},"end":{"line":51,"column":79}}]},"7":{"loc":{"start":{"line":55,"column":37},"end":{"line":56,"column":null}},"type":"binary-expr","locations":[{"start":{"line":55,"column":37},"end":{"line":55,"column":66}},{"start":{"line":56,"column":40},"end":{"line":56,"column":137}}]}},"s":{"0":0,"1":0,"2":0,"3":0,"4":0,"5":0,"6":0,"7":0,"8":0},"f":{"0":0,"1":0,"2":0},"b":{"0":[0],"1":[0],"2":[0,0],"3":[0,0],"4":[0,0],"5":[0,0],"6":[0,0],"7":[0,0]}}
,"C:\\Users\\souph\\Herd\\qi-survey-webapp\\resources\\js\\services\\api.ts": {"path":"C:\\Users\\souph\\Herd\\qi-survey-webapp\\resources\\js\\services\\api.ts","statementMap":{"0":{"start":{"line":1,"column":0},"end":{"line":1,"column":26}},"1":{"start":{"line":13,"column":12},"end":{"line":21,"column":2}},"2":{"start":{"line":24,"column":0},"end":{"line":30,"column":3}},"3":{"start":{"line":25,"column":18},"end":{"line":25,"column":47}},"4":{"start":{"line":26,"column":4},"end":{"line":28,"column":5}},"5":{"start":{"line":27,"column":8},"end":{"line":27,"column":57}},"6":{"start":{"line":29,"column":4},"end":{"line":29,"column":18}},"7":{"start":{"line":33,"column":0},"end":{"line":43,"column":2}},"8":{"start":{"line":34,"column":18},"end":{"line":34,"column":26}},"9":{"start":{"line":36,"column":8},"end":{"line":40,"column":9}},"10":{"start":{"line":37,"column":12},"end":{"line":37,"column":45}},"11":{"start":{"line":38,"column":12},"end":{"line":38,"column":44}},"12":{"start":{"line":39,"column":12},"end":{"line":39,"column":44}},"13":{"start":{"line":41,"column":8},"end":{"line":41,"column":37}},"14":{"start":{"line":46,"column":13},"end":{"line":60,"column":2}},"15":{"start":{"line":48,"column":25},"end":{"line":48,"column":76}},"16":{"start":{"line":49,"column":8},"end":{"line":49,"column":29}},"17":{"start":{"line":53,"column":8},"end":{"line":53,"column":34}},"18":{"start":{"line":57,"column":25},"end":{"line":57,"column":53}},"19":{"start":{"line":58,"column":8},"end":{"line":58,"column":29}},"20":{"start":{"line":63,"column":13},"end":{"line":68,"column":2}},"21":{"start":{"line":65,"column":25},"end":{"line":65,"column":86}},"22":{"start":{"line":66,"column":8},"end":{"line":66,"column":29}},"23":{"start":{"line":71,"column":13},"end":{"line":95,"column":2}},"24":{"start":{"line":73,"column":25},"end":{"line":73,"column":85}},"25":{"start":{"line":74,"column":8},"end":{"line":74,"column":29}},"26":{"start":{"line":78,"column":25},"end":{"line":78,"column":70}},"27":{"start":{"line":79,"column":8},"end":{"line":79,"column":34}},"28":{"start":{"line":83,"column":25},"end":{"line":83,"column":71}},"29":{"start":{"line":84,"column":8},"end":{"line":84,"column":34}},"30":{"start":{"line":88,"column":25},"end":{"line":88,"column":76}},"31":{"start":{"line":89,"column":8},"end":{"line":89,"column":34}},"32":{"start":{"line":93,"column":8},"end":{"line":93,"column":41}},"33":{"start":{"line":98,"column":13},"end":{"line":127,"column":2}},"34":{"start":{"line":100,"column":25},"end":{"line":100,"column":99}},"35":{"start":{"line":101,"column":8},"end":{"line":101,"column":29}},"36":{"start":{"line":105,"column":25},"end":{"line":105,"column":75}},"37":{"start":{"line":106,"column":8},"end":{"line":106,"column":29}},"38":{"start":{"line":110,"column":25},"end":{"line":110,"column":84}},"39":{"start":{"line":111,"column":8},"end":{"line":111,"column":34}},"40":{"start":{"line":115,"column":25},"end":{"line":115,"column":85}},"41":{"start":{"line":116,"column":8},"end":{"line":116,"column":34}},"42":{"start":{"line":120,"column":25},"end":{"line":120,"column":90}},"43":{"start":{"line":121,"column":8},"end":{"line":121,"column":34}},"44":{"start":{"line":125,"column":8},"end":{"line":125,"column":48}},"45":{"start":{"line":130,"column":13},"end":{"line":164,"column":2}},"46":{"start":{"line":132,"column":25},"end":{"line":132,"column":103}},"47":{"start":{"line":133,"column":8},"end":{"line":133,"column":29}},"48":{"start":{"line":137,"column":25},"end":{"line":137,"column":79}},"49":{"start":{"line":138,"column":8},"end":{"line":138,"column":29}},"50":{"start":{"line":142,"column":25},"end":{"line":142,"column":88}},"51":{"start":{"line":143,"column":8},"end":{"line":143,"column":34}},"52":{"start":{"line":147,"column":25},"end":{"line":147,"column":89}},"53":{"start":{"line":148,"column":8},"end":{"line":148,"column":34}},"54":{"start":{"line":152,"column":25},"end":{"line":152,"column":94}},"55":{"start":{"line":153,"column":8},"end":{"line":153,"column":34}},"56":{"start":{"line":157,"column":8},"end":{"line":157,"column":50}},"57":{"start":{"line":161,"column":25},"end":{"line":161,"column":99}},"58":{"start":{"line":162,"column":8},"end":{"line":162,"column":34}},"59":{"start":{"line":167,"column":13},"end":{"line":222,"column":2}},"60":{"start":{"line":169,"column":25},"end":{"line":169,"column":97}},"61":{"start":{"line":170,"column":8},"end":{"line":170,"column":29}},"62":{"start":{"line":177,"column":25},"end":{"line":179,"column":null}},"63":{"start":{"line":181,"column":8},"end":{"line":181,"column":29}},"64":{"start":{"line":185,"column":25},"end":{"line":185,"column":82}},"65":{"start":{"line":186,"column":8},"end":{"line":186,"column":34}},"66":{"start":{"line":190,"column":25},"end":{"line":192,"column":null}},"67":{"start":{"line":194,"column":8},"end":{"line":194,"column":34}},"68":{"start":{"line":198,"column":25},"end":{"line":198,"column":88}},"69":{"start":{"line":199,"column":8},"end":{"line":199,"column":34}},"70":{"start":{"line":203,"column":8},"end":{"line":203,"column":47}},"71":{"start":{"line":207,"column":25},"end":{"line":207,"column":90}},"72":{"start":{"line":208,"column":8},"end":{"line":208,"column":34}},"73":{"start":{"line":212,"column":25},"end":{"line":212,"column":91}},"74":{"start":{"line":213,"column":8},"end":{"line":213,"column":34}},"75":{"start":{"line":217,"column":25},"end":{"line":219,"column":10}},"76":{"start":{"line":220,"column":8},"end":{"line":220,"column":34}},"77":{"start":{"line":224,"column":0},"end":{"line":224,"column":19}}},"fnMap":{"0":{"name":"(anonymous_1)","decl":{"start":{"line":24,"column":29},"end":{"line":24,"column":30}},"loc":{"start":{"line":24,"column":40},"end":{"line":30,"column":1}}},"1":{"name":"(anonymous_2)","decl":{"start":{"line":34,"column":4},"end":{"line":34,"column":5}},"loc":{"start":{"line":34,"column":18},"end":{"line":34,"column":26}}},"2":{"name":"(anonymous_3)","decl":{"start":{"line":35,"column":4},"end":{"line":35,"column":5}},"loc":{"start":{"line":35,"column":14},"end":{"line":42,"column":5}}},"3":{"name":"(anonymous_4)","decl":{"start":{"line":47,"column":11},"end":{"line":47,"column":16}},"loc":{"start":{"line":47,"column":74},"end":{"line":50,"column":5}}},"4":{"name":"(anonymous_5)","decl":{"start":{"line":52,"column":12},"end":{"line":52,"column":17}},"loc":{"start":{"line":52,"column":38},"end":{"line":54,"column":5}}},"5":{"name":"(anonymous_6)","decl":{"start":{"line":56,"column":13},"end":{"line":56,"column":18}},"loc":{"start":{"line":56,"column":39},"end":{"line":59,"column":5}}},"6":{"name":"(anonymous_7)","decl":{"start":{"line":64,"column":14},"end":{"line":64,"column":19}},"loc":{"start":{"line":64,"column":99},"end":{"line":67,"column":5}}},"7":{"name":"(anonymous_8)","decl":{"start":{"line":72,"column":10},"end":{"line":72,"column":15}},"loc":{"start":{"line":72,"column":87},"end":{"line":75,"column":5}}},"8":{"name":"(anonymous_9)","decl":{"start":{"line":77,"column":9},"end":{"line":77,"column":14}},"loc":{"start":{"line":77,"column":45},"end":{"line":80,"column":5}}},"9":{"name":"(anonymous_10)","decl":{"start":{"line":82,"column":12},"end":{"line":82,"column":17}},"loc":{"start":{"line":82,"column":94},"end":{"line":85,"column":5}}},"10":{"name":"(anonymous_11)","decl":{"start":{"line":87,"column":12},"end":{"line":87,"column":17}},"loc":{"start":{"line":87,"column":89},"end":{"line":90,"column":5}}},"11":{"name":"(anonymous_12)","decl":{"start":{"line":92,"column":12},"end":{"line":92,"column":17}},"loc":{"start":{"line":92,"column":48},"end":{"line":94,"column":5}}},"12":{"name":"(anonymous_13)","decl":{"start":{"line":99,"column":10},"end":{"line":99,"column":15}},"loc":{"start":{"line":99,"column":94},"end":{"line":102,"column":5}}},"13":{"name":"(anonymous_14)","decl":{"start":{"line":104,"column":12},"end":{"line":104,"column":17}},"loc":{"start":{"line":104,"column":47},"end":{"line":107,"column":5}}},"14":{"name":"(anonymous_15)","decl":{"start":{"line":109,"column":9},"end":{"line":109,"column":14}},"loc":{"start":{"line":109,"column":52},"end":{"line":112,"column":5}}},"15":{"name":"(anonymous_16)","decl":{"start":{"line":114,"column":12},"end":{"line":114,"column":17}},"loc":{"start":{"line":114,"column":71},"end":{"line":117,"column":5}}},"16":{"name":"(anonymous_17)","decl":{"start":{"line":119,"column":12},"end":{"line":119,"column":17}},"loc":{"start":{"line":119,"column":83},"end":{"line":122,"column":5}}},"17":{"name":"(anonymous_18)","decl":{"start":{"line":124,"column":12},"end":{"line":124,"column":17}},"loc":{"start":{"line":124,"column":48},"end":{"line":126,"column":5}}},"18":{"name":"(anonymous_19)","decl":{"start":{"line":131,"column":10},"end":{"line":131,"column":15}},"loc":{"start":{"line":131,"column":96},"end":{"line":134,"column":5}}},"19":{"name":"(anonymous_20)","decl":{"start":{"line":136,"column":12},"end":{"line":136,"column":17}},"loc":{"start":{"line":136,"column":49},"end":{"line":139,"column":5}}},"20":{"name":"(anonymous_21)","decl":{"start":{"line":141,"column":9},"end":{"line":141,"column":14}},"loc":{"start":{"line":141,"column":54},"end":{"line":144,"column":5}}},"21":{"name":"(anonymous_22)","decl":{"start":{"line":146,"column":12},"end":{"line":146,"column":17}},"loc":{"start":{"line":146,"column":75},"end":{"line":149,"column":5}}},"22":{"name":"(anonymous_23)","decl":{"start":{"line":151,"column":12},"end":{"line":151,"column":17}},"loc":{"start":{"line":151,"column":87},"end":{"line":154,"column":5}}},"23":{"name":"(anonymous_24)","decl":{"start":{"line":156,"column":12},"end":{"line":156,"column":17}},"loc":{"start":{"line":156,"column":48},"end":{"line":158,"column":5}}},"24":{"name":"(anonymous_25)","decl":{"start":{"line":160,"column":15},"end":{"line":160,"column":20}},"loc":{"start":{"line":160,"column":60},"end":{"line":163,"column":5}}},"25":{"name":"(anonymous_26)","decl":{"start":{"line":168,"column":10},"end":{"line":168,"column":15}},"loc":{"start":{"line":168,"column":93},"end":{"line":171,"column":5}}},"26":{"name":"(anonymous_27)","decl":{"start":{"line":173,"column":25},"end":{"line":173,"column":30}},"loc":{"start":{"line":176,"column":48},"end":{"line":182,"column":5}}},"27":{"name":"(anonymous_28)","decl":{"start":{"line":184,"column":9},"end":{"line":184,"column":14}},"loc":{"start":{"line":184,"column":51},"end":{"line":187,"column":5}}},"28":{"name":"(anonymous_29)","decl":{"start":{"line":189,"column":12},"end":{"line":189,"column":17}},"loc":{"start":{"line":189,"column":95},"end":{"line":195,"column":5}}},"29":{"name":"(anonymous_30)","decl":{"start":{"line":197,"column":12},"end":{"line":197,"column":17}},"loc":{"start":{"line":197,"column":81},"end":{"line":200,"column":5}}},"30":{"name":"(anonymous_31)","decl":{"start":{"line":202,"column":12},"end":{"line":202,"column":17}},"loc":{"start":{"line":202,"column":48},"end":{"line":204,"column":5}}},"31":{"name":"(anonymous_32)","decl":{"start":{"line":206,"column":12},"end":{"line":206,"column":17}},"loc":{"start":{"line":206,"column":54},"end":{"line":209,"column":5}}},"32":{"name":"(anonymous_33)","decl":{"start":{"line":211,"column":13},"end":{"line":211,"column":18}},"loc":{"start":{"line":211,"column":55},"end":{"line":214,"column":5}}},"33":{"name":"(anonymous_34)","decl":{"start":{"line":216,"column":12},"end":{"line":216,"column":17}},"loc":{"start":{"line":216,"column":82},"end":{"line":221,"column":5}}}},"branchMap":{"0":{"loc":{"start":{"line":26,"column":4},"end":{"line":28,"column":5}},"type":"if","locations":[{"start":{"line":26,"column":4},"end":{"line":28,"column":5}}]},"1":{"loc":{"start":{"line":36,"column":8},"end":{"line":40,"column":9}},"type":"if","locations":[{"start":{"line":36,"column":8},"end":{"line":40,"column":9}}]}},"s":{"0":2,"1":2,"2":2,"3":34,"4":34,"5":4,"6":34,"7":2,"8":28,"9":6,"10":2,"11":2,"12":2,"13":6,"14":2,"15":2,"16":1,"17":2,"18":2,"19":1,"20":2,"21":3,"22":2,"23":2,"24":2,"25":2,"26":1,"27":1,"28":1,"29":1,"30":1,"31":1,"32":1,"33":2,"34":1,"35":1,"36":1,"37":1,"38":0,"39":0,"40":1,"41":1,"42":0,"43":0,"44":1,"45":2,"46":0,"47":0,"48":0,"49":0,"50":1,"51":1,"52":0,"53":0,"54":0,"55":0,"56":0,"57":1,"58":1,"59":2,"60":1,"61":1,"62":1,"63":1,"64":0,"65":0,"66":1,"67":1,"68":1,"69":1,"70":1,"71":1,"72":1,"73":1,"74":1,"75":1,"76":1,"77":2},"f":{"0":34,"1":28,"2":6,"3":2,"4":2,"5":2,"6":3,"7":2,"8":1,"9":1,"10":1,"11":1,"12":1,"13":1,"14":0,"15":1,"16":0,"17":1,"18":0,"19":0,"20":1,"21":0,"22":0,"23":0,"24":1,"25":1,"26":1,"27":0,"28":1,"29":1,"30":1,"31":1,"32":1,"33":1},"b":{"0":[4],"1":[2]}}
}
