TN:
SF:resources\js\components\layout\AppLayout.tsx
FN:19,AppLayout
FN:25,(anonymous_10)
FN:31,(anonymous_11)
FN:46,(anonymous_12)
FN:83,(anonymous_13)
FN:116,(anonymous_14)
FN:125,(anonymous_15)
FNF:7
FNH:7
FNDA:39,AppLayout
FNDA:5,(anonymous_10)
FNDA:195,(anonymous_11)
FNDA:172,(anonymous_12)
FNDA:5,(anonymous_13)
FNDA:25,(anonymous_14)
FNDA:1,(anonymous_15)
DA:1,1
DA:2,1
DA:3,1
DA:11,1
DA:19,1
DA:20,39
DA:21,39
DA:22,39
DA:23,39
DA:25,39
DA:26,5
DA:27,4
DA:30,39
DA:31,195
DA:34,39
DA:47,172
DA:83,5
DA:117,25
DA:125,1
LF:19
LH:19
BRDA:31,0,0,195
BRDA:31,0,1,156
BRDA:51,1,0,39
BRDA:51,1,1,133
BRDA:66,2,0,39
BRDA:66,2,1,37
BRDA:94,3,0,5
BRDA:94,3,1,34
BRDA:113,4,0,39
BRDA:113,4,1,5
BRDA:121,5,0,5
BRDA:121,5,1,20
BRF:12
BRH:12
end_of_record
TN:
SF:resources\js\contexts\AuthContext.tsx
FN:18,AuthProvider
FN:19,(anonymous_10)
FN:27,(anonymous_11)
FN:47,(anonymous_12)
FN:51,(anonymous_13)
FN:58,(anonymous_14)
FN:68,(anonymous_15)
FN:73,(anonymous_16)
FN:78,(anonymous_17)
FN:80,(anonymous_18)
FN:101,useAuth
FNF:11
FNH:11
FNDA:84,AuthProvider
FNDA:38,(anonymous_10)
FNDA:38,(anonymous_11)
FNDA:38,(anonymous_12)
FNDA:12,(anonymous_13)
FNDA:2,(anonymous_14)
FNDA:6,(anonymous_15)
FNDA:5,(anonymous_16)
FNDA:5,(anonymous_17)
FNDA:6,(anonymous_18)
FNDA:126,useAuth
DA:1,4
DA:2,4
DA:16,4
DA:18,4
DA:19,84
DA:20,38
DA:21,38
DA:23,84
DA:25,84
DA:27,84
DA:28,38
DA:29,38
DA:30,26
DA:31,26
DA:34,12
DA:35,12
DA:36,11
DA:37,11
DA:39,1
DA:40,1
DA:41,1
DA:43,12
DA:47,84
DA:48,38
DA:51,84
DA:52,12
DA:53,6
DA:54,6
DA:55,6
DA:58,84
DA:59,2
DA:60,2
DA:62,2
DA:63,2
DA:64,2
DA:68,84
DA:69,6
DA:70,4
DA:73,84
DA:74,5
DA:75,4
DA:78,84
DA:79,5
DA:80,6
DA:83,84
DA:101,4
DA:102,126
DA:103,126
DA:104,4
DA:106,122
LF:50
LH:50
BRDA:21,0,0,4
BRDA:21,0,1,34
BRDA:29,1,0,26
BRDA:69,2,0,2
BRDA:74,3,0,1
BRDA:79,4,0,1
BRDA:103,5,0,4
BRF:7
BRH:7
end_of_record
TN:
SF:resources\js\pages\auth\Login.tsx
FN:5,Login
FN:16,(anonymous_10)
FN:69,(anonymous_11)
FN:85,(anonymous_12)
FNF:4
FNH:4
FNDA:83,Login
FNDA:10,(anonymous_10)
FNDA:11,(anonymous_11)
FNDA:12,(anonymous_12)
DA:1,1
DA:2,1
DA:3,1
DA:5,1
DA:6,83
DA:7,83
DA:8,83
DA:9,83
DA:10,83
DA:11,83
DA:12,83
DA:14,83
DA:16,83
DA:17,10
DA:18,10
DA:19,10
DA:21,10
DA:22,10
DA:23,5
DA:25,5
DA:26,4
DA:27,4
DA:33,1
DA:36,10
DA:40,83
DA:69,11
DA:85,12
LF:27
LH:27
BRDA:14,0,0,83
BRDA:14,0,1,77
BRDA:25,1,0,4
BRDA:25,1,1,1
BRDA:25,2,0,5
BRDA:25,2,1,5
BRDA:25,2,2,5
BRDA:28,3,0,4
BRDA:28,3,1,3
BRDA:28,3,2,0
BRDA:52,4,0,83
BRDA:52,4,1,6
BRDA:98,5,0,10
BRDA:98,5,1,73
BRF:14
BRH:13
end_of_record
TN:
SF:resources\js\pages\dashboard\Dashboard.tsx
FN:6,Dashboard
FN:12,(anonymous_2)
FN:80,(anonymous_3)
FN:114,StatCard
FN:134,StatusBadge
FNF:5
FNH:5
FNDA:39,Dashboard
FNDA:19,(anonymous_2)
FNDA:24,(anonymous_3)
FNDA:71,StatCard
FNDA:24,StatusBadge
DA:1,1
DA:2,1
DA:3,1
DA:4,1
DA:6,1
DA:7,39
DA:8,39
DA:10,39
DA:12,19
DA:15,38
DA:16,19
DA:23,19
DA:24,2
DA:31,17
DA:81,24
DA:115,71
DA:126,71
DA:135,24
DA:142,24
LF:19
LH:19
BRDA:15,0,0,19
BRDA:23,1,0,2
BRDA:37,2,0,17
BRDA:37,2,1,1
BRDA:38,3,0,17
BRDA:38,3,1,1
BRDA:39,4,0,17
BRDA:39,4,1,1
BRDA:40,5,0,17
BRDA:40,5,1,1
BRDA:41,6,0,17
BRDA:41,6,1,1
BRDA:45,7,0,17
BRDA:45,7,1,2
BRDA:47,8,0,2
BRDA:47,8,1,1
BRDA:48,9,0,2
BRDA:48,9,1,1
BRDA:49,10,0,2
BRDA:49,10,1,1
BRDA:99,11,0,13
BRDA:99,11,1,13
BRDA:99,11,2,2
BRDA:127,12,0,71
BRDA:127,12,1,0
BRDA:143,13,0,24
BRDA:143,13,1,0
BRF:27
BRH:25
end_of_record
TN:
SF:resources\js\pages\institutions\InstitutionForm.tsx
FN:6,InstitutionForm
FN:15,(anonymous_1)
FN:16,(anonymous_2)
FN:18,(anonymous_3)
FN:25,(anonymous_4)
FN:29,(anonymous_5)
FN:30,(anonymous_6)
FN:33,(anonymous_7)
FN:43,(anonymous_8)
FN:44,(anonymous_9)
FN:45,(anonymous_10)
FN:46,(anonymous_11)
FN:46,(anonymous_12)
FN:46,(anonymous_13)
FN:47,(anonymous_14)
FN:49,(anonymous_15)
FNF:16
FNH:0
FNDA:0,InstitutionForm
FNDA:0,(anonymous_1)
FNDA:0,(anonymous_2)
FNDA:0,(anonymous_3)
FNDA:0,(anonymous_4)
FNDA:0,(anonymous_5)
FNDA:0,(anonymous_6)
FNDA:0,(anonymous_7)
FNDA:0,(anonymous_8)
FNDA:0,(anonymous_9)
FNDA:0,(anonymous_10)
FNDA:0,(anonymous_11)
FNDA:0,(anonymous_12)
FNDA:0,(anonymous_13)
FNDA:0,(anonymous_14)
FNDA:0,(anonymous_15)
DA:7,0
DA:8,0
DA:9,0
DA:10,0
DA:12,0
DA:13,0
DA:15,0
DA:16,0
DA:18,0
DA:19,0
DA:20,0
DA:24,0
DA:26,0
DA:27,0
DA:29,0
DA:30,0
DA:33,0
DA:35,0
DA:37,0
DA:43,0
DA:44,0
DA:45,0
DA:46,0
DA:47,0
DA:49,0
LF:25
LH:0
BRDA:19,0,0,0
BRDA:20,1,0,0
BRDA:20,1,1,0
BRDA:26,2,0,0
BRDA:26,2,1,0
BRDA:27,3,0,0
BRDA:27,3,1,0
BRDA:30,4,0,0
BRDA:30,4,1,0
BRDA:35,5,0,0
BRDA:35,6,0,0
BRDA:35,6,1,0
BRDA:39,7,0,0
BRDA:39,7,1,0
BRDA:41,8,0,0
BRDA:41,8,1,0
BRDA:49,9,0,0
BRDA:49,9,1,0
BRF:18
BRH:0
end_of_record
TN:
SF:resources\js\pages\institutions\InstitutionList.tsx
FN:7,InstitutionList
FN:11,(anonymous_1)
FN:38,(anonymous_2)
FNF:3
FNH:0
FNDA:0,InstitutionList
FNDA:0,(anonymous_1)
FNDA:0,(anonymous_2)
DA:8,0
DA:9,0
DA:11,0
DA:14,0
DA:15,0
DA:17,0
DA:39,0
LF:7
LH:0
BRDA:14,0,0,0
BRDA:15,1,0,0
BRDA:21,2,0,0
BRDA:21,2,1,0
BRDA:43,3,0,0
BRDA:43,3,1,0
BRDA:45,4,0,0
BRDA:45,4,1,0
BRDA:46,5,0,0
BRDA:46,5,1,0
BRDA:50,6,0,0
BRDA:50,6,1,0
BRF:12
BRH:0
end_of_record
TN:
SF:resources\js\pages\questionnaires\QuestionnaireForm.tsx
FN:6,QuestionnaireForm
FN:15,(anonymous_1)
FN:17,(anonymous_2)
FN:24,(anonymous_3)
FN:33,(anonymous_4)
FN:34,(anonymous_5)
FN:37,(anonymous_6)
FN:47,(anonymous_7)
FN:48,(anonymous_8)
FN:49,(anonymous_9)
FN:53,(anonymous_10)
FN:55,(anonymous_11)
FN:57,(anonymous_12)
FNF:13
FNH:0
FNDA:0,QuestionnaireForm
FNDA:0,(anonymous_1)
FNDA:0,(anonymous_2)
FNDA:0,(anonymous_3)
FNDA:0,(anonymous_4)
FNDA:0,(anonymous_5)
FNDA:0,(anonymous_6)
FNDA:0,(anonymous_7)
FNDA:0,(anonymous_8)
FNDA:0,(anonymous_9)
FNDA:0,(anonymous_10)
FNDA:0,(anonymous_11)
FNDA:0,(anonymous_12)
DA:7,0
DA:8,0
DA:9,0
DA:10,0
DA:12,0
DA:13,0
DA:15,0
DA:17,0
DA:18,0
DA:19,0
DA:23,0
DA:25,0
DA:26,0
DA:27,0
DA:28,0
DA:30,0
DA:33,0
DA:34,0
DA:37,0
DA:39,0
DA:41,0
DA:47,0
DA:48,0
DA:49,0
DA:53,0
DA:55,0
DA:57,0
LF:27
LH:0
BRDA:18,0,0,0
BRDA:19,1,0,0
BRDA:19,1,1,0
BRDA:28,2,0,0
BRDA:28,2,1,0
BRDA:34,3,0,0
BRDA:34,3,1,0
BRDA:39,4,0,0
BRDA:39,5,0,0
BRDA:39,5,1,0
BRDA:43,6,0,0
BRDA:43,6,1,0
BRDA:45,7,0,0
BRDA:45,7,1,0
BRDA:57,8,0,0
BRDA:57,8,1,0
BRF:16
BRH:0
end_of_record
TN:
SF:resources\js\pages\questionnaires\QuestionnaireList.tsx
FN:7,QuestionnaireList
FN:9,(anonymous_1)
FN:34,(anonymous_2)
FNF:3
FNH:0
FNDA:0,QuestionnaireList
FNDA:0,(anonymous_1)
FNDA:0,(anonymous_2)
DA:8,0
DA:9,0
DA:11,0
DA:12,0
DA:14,0
DA:35,0
LF:6
LH:0
BRDA:11,0,0,0
BRDA:12,1,0,0
BRDA:18,2,0,0
BRDA:18,2,1,0
BRDA:39,3,0,0
BRDA:39,3,1,0
BRDA:39,4,0,0
BRDA:39,4,1,0
BRDA:41,5,0,0
BRDA:41,5,1,0
BRDA:42,6,0,0
BRDA:42,6,1,0
BRF:12
BRH:0
end_of_record
TN:
SF:resources\js\pages\submissions\SubmissionForm.tsx
FN:9,SubmissionForm
FN:20,(anonymous_1)
FN:26,(anonymous_2)
FN:30,(anonymous_3)
FN:41,(anonymous_4)
FN:47,(anonymous_5)
FN:51,(anonymous_6)
FN:57,(anonymous_7)
FN:67,(anonymous_8)
FN:71,(anonymous_9)
FN:76,(anonymous_10)
FN:82,(anonymous_11)
FN:112,(anonymous_12)
FNF:13
FNH:0
FNDA:0,SubmissionForm
FNDA:0,(anonymous_1)
FNDA:0,(anonymous_2)
FNDA:0,(anonymous_3)
FNDA:0,(anonymous_4)
FNDA:0,(anonymous_5)
FNDA:0,(anonymous_6)
FNDA:0,(anonymous_7)
FNDA:0,(anonymous_8)
FNDA:0,(anonymous_9)
FNDA:0,(anonymous_10)
FNDA:0,(anonymous_11)
FNDA:0,(anonymous_12)
DA:10,0
DA:11,0
DA:12,0
DA:13,0
DA:15,0
DA:16,0
DA:18,0
DA:20,0
DA:24,0
DA:26,0
DA:30,0
DA:31,0
DA:32,0
DA:33,0
DA:34,0
DA:36,0
DA:40,0
DA:42,0
DA:43,0
DA:45,0
DA:48,0
DA:49,0
DA:52,0
DA:56,0
DA:58,0
DA:59,0
DA:60,0
DA:61,0
DA:63,0
DA:65,0
DA:68,0
DA:69,0
DA:72,0
DA:76,0
DA:77,0
DA:78,0
DA:82,0
DA:83,0
DA:84,0
DA:88,0
DA:89,0
DA:92,0
DA:112,0
LF:43
LH:0
BRDA:25,0,0,0
BRDA:25,0,1,0
BRDA:26,1,0,0
BRDA:26,1,1,0
BRDA:27,2,0,0
BRDA:27,2,1,0
BRDA:31,3,0,0
BRDA:33,4,0,0
BRDA:42,5,0,0
BRDA:52,6,0,0
BRDA:52,6,1,0
BRDA:59,7,0,0
BRDA:59,7,1,0
BRDA:72,8,0,0
BRDA:72,8,1,0
BRDA:77,9,0,0
BRDA:83,10,0,0
BRDA:88,11,0,0
BRDA:88,12,0,0
BRDA:88,12,1,0
BRDA:88,12,2,0
BRDA:96,13,0,0
BRDA:96,13,1,0
BRDA:97,14,0,0
BRDA:97,14,1,0
BRDA:101,15,0,0
BRDA:101,15,1,0
BRDA:103,16,0,0
BRDA:103,16,1,0
BRDA:123,17,0,0
BRDA:123,17,1,0
BRDA:131,18,0,0
BRDA:131,18,1,0
BRF:33
BRH:0
end_of_record
TN:
SF:resources\js\pages\submissions\SubmissionList.tsx
FN:7,SubmissionList
FN:9,(anonymous_1)
FN:34,(anonymous_2)
FNF:3
FNH:0
FNDA:0,SubmissionList
FNDA:0,(anonymous_1)
FNDA:0,(anonymous_2)
DA:8,0
DA:9,0
DA:11,0
DA:12,0
DA:14,0
DA:16,0
DA:35,0
LF:7
LH:0
BRDA:11,0,0,0
BRDA:12,1,0,0
BRDA:43,2,0,0
BRDA:43,2,1,0
BRDA:43,2,2,0
BRF:5
BRH:0
end_of_record
TN:
SF:resources\js\pages\submissions\SubmissionView.tsx
FN:10,SubmissionView
FN:23,(anonymous_1)
FN:26,(anonymous_2)
FN:36,(anonymous_3)
FN:37,(anonymous_4)
FN:38,(anonymous_5)
FN:42,(anonymous_6)
FN:43,(anonymous_7)
FN:44,(anonymous_8)
FN:76,(anonymous_9)
FN:77,(anonymous_10)
FN:79,(anonymous_11)
FN:80,(anonymous_12)
FN:88,(anonymous_13)
FN:90,(anonymous_14)
FN:91,(anonymous_15)
FNF:16
FNH:0
FNDA:0,SubmissionView
FNDA:0,(anonymous_1)
FNDA:0,(anonymous_2)
FNDA:0,(anonymous_3)
FNDA:0,(anonymous_4)
FNDA:0,(anonymous_5)
FNDA:0,(anonymous_6)
FNDA:0,(anonymous_7)
FNDA:0,(anonymous_8)
FNDA:0,(anonymous_9)
FNDA:0,(anonymous_10)
FNDA:0,(anonymous_11)
FNDA:0,(anonymous_12)
FNDA:0,(anonymous_13)
FNDA:0,(anonymous_14)
FNDA:0,(anonymous_15)
DA:11,0
DA:12,0
DA:13,0
DA:14,0
DA:16,0
DA:17,0
DA:18,0
DA:19,0
DA:21,0
DA:23,0
DA:26,0
DA:27,0
DA:28,0
DA:29,0
DA:30,0
DA:31,0
DA:35,0
DA:36,0
DA:37,0
DA:38,0
DA:41,0
DA:42,0
DA:43,0
DA:44,0
DA:47,0
DA:48,0
DA:50,0
DA:52,0
DA:76,0
DA:77,0
DA:79,0
DA:80,0
DA:88,0
DA:90,0
DA:91,0
LF:35
LH:0
BRDA:27,0,0,0
BRDA:29,1,0,0
BRDA:29,1,1,0
BRDA:38,2,0,0
BRDA:38,2,1,0
BRDA:44,3,0,0
BRDA:44,3,1,0
BRDA:47,4,0,0
BRDA:48,5,0,0
BRDA:59,6,0,0
BRDA:59,6,1,0
BRDA:67,7,0,0
BRDA:67,7,1,0
BRDA:68,8,0,0
BRDA:68,8,1,0
BRDA:69,9,0,0
BRDA:69,9,1,0
BRDA:73,10,0,0
BRDA:73,10,1,0
BRDA:77,11,0,0
BRDA:77,11,1,0
BRDA:77,11,2,0
BRDA:78,12,0,0
BRDA:78,12,1,0
BRDA:78,12,2,0
BRDA:79,13,0,0
BRDA:79,13,1,0
BRDA:84,14,0,0
BRDA:84,14,1,0
BRDA:91,15,0,0
BRDA:91,15,1,0
BRDA:91,16,0,0
BRDA:91,16,1,0
BRF:33
BRH:0
end_of_record
TN:
SF:resources\js\pages\users\UserForm.tsx
FN:6,UserForm
FN:24,(anonymous_1)
FN:30,(anonymous_2)
FN:33,(anonymous_3)
FN:47,(anonymous_4)
FN:57,(anonymous_5)
FN:61,(anonymous_6)
FN:71,(anonymous_7)
FN:89,(anonymous_8)
FN:93,(anonymous_9)
FN:97,(anonymous_10)
FN:101,(anonymous_11)
FN:103,(anonymous_12)
FN:108,(anonymous_13)
FN:115,(anonymous_14)
FN:120,(anonymous_15)
FNF:16
FNH:0
FNDA:0,UserForm
FNDA:0,(anonymous_1)
FNDA:0,(anonymous_2)
FNDA:0,(anonymous_3)
FNDA:0,(anonymous_4)
FNDA:0,(anonymous_5)
FNDA:0,(anonymous_6)
FNDA:0,(anonymous_7)
FNDA:0,(anonymous_8)
FNDA:0,(anonymous_9)
FNDA:0,(anonymous_10)
FNDA:0,(anonymous_11)
FNDA:0,(anonymous_12)
FNDA:0,(anonymous_13)
FNDA:0,(anonymous_14)
FNDA:0,(anonymous_15)
DA:7,0
DA:8,0
DA:9,0
DA:10,0
DA:12,0
DA:20,0
DA:22,0
DA:24,0
DA:28,0
DA:30,0
DA:33,0
DA:34,0
DA:35,0
DA:46,0
DA:48,0
DA:52,0
DA:53,0
DA:55,0
DA:58,0
DA:59,0
DA:62,0
DA:63,0
DA:64,0
DA:66,0
DA:71,0
DA:72,0
DA:73,0
DA:74,0
DA:77,0
DA:78,0
DA:81,0
DA:89,0
DA:93,0
DA:97,0
DA:101,0
DA:103,0
DA:108,0
DA:115,0
DA:120,0
LF:39
LH:0
BRDA:34,0,0,0
BRDA:39,1,0,0
BRDA:39,1,1,0
BRDA:40,2,0,0
BRDA:40,2,1,0
BRDA:52,3,0,0
BRDA:62,4,0,0
BRDA:62,4,1,0
BRDA:62,5,0,0
BRDA:62,5,1,0
BRDA:62,5,2,0
BRDA:64,6,0,0
BRDA:64,6,1,0
BRDA:77,7,0,0
BRDA:77,8,0,0
BRDA:77,8,1,0
BRDA:83,9,0,0
BRDA:83,9,1,0
BRDA:85,10,0,0
BRDA:85,10,1,0
BRDA:96,11,0,0
BRDA:96,11,1,0
BRDA:121,12,0,0
BRDA:121,12,1,0
BRF:24
BRH:0
end_of_record
TN:
SF:resources\js\pages\users\UserList.tsx
FN:7,UserList
FN:11,(anonymous_1)
FN:43,(anonymous_2)
FNF:3
FNH:0
FNDA:0,UserList
FNDA:0,(anonymous_1)
FNDA:0,(anonymous_2)
DA:8,0
DA:9,0
DA:11,0
DA:14,0
DA:15,0
DA:17,0
DA:44,0
LF:7
LH:0
BRDA:14,0,0,0
BRDA:15,1,0,0
BRDA:21,2,0,0
BRDA:21,2,1,0
BRDA:47,3,0,0
BRDA:47,3,1,0
BRDA:48,4,0,0
BRDA:48,4,1,0
BRDA:50,5,0,0
BRDA:50,5,1,0
BRDA:51,6,0,0
BRDA:51,6,1,0
BRDA:55,7,0,0
BRDA:55,7,1,0
BRF:14
BRH:0
end_of_record
TN:
SF:resources\js\services\api.ts
FN:24,(anonymous_1)
FN:34,(anonymous_2)
FN:35,(anonymous_3)
FN:47,(anonymous_4)
FN:52,(anonymous_5)
FN:56,(anonymous_6)
FN:64,(anonymous_7)
FN:72,(anonymous_8)
FN:77,(anonymous_9)
FN:82,(anonymous_10)
FN:87,(anonymous_11)
FN:92,(anonymous_12)
FN:99,(anonymous_13)
FN:104,(anonymous_14)
FN:109,(anonymous_15)
FN:114,(anonymous_16)
FN:119,(anonymous_17)
FN:124,(anonymous_18)
FN:131,(anonymous_19)
FN:136,(anonymous_20)
FN:141,(anonymous_21)
FN:146,(anonymous_22)
FN:151,(anonymous_23)
FN:156,(anonymous_24)
FN:160,(anonymous_25)
FN:168,(anonymous_26)
FN:173,(anonymous_27)
FN:184,(anonymous_28)
FN:189,(anonymous_29)
FN:197,(anonymous_30)
FN:202,(anonymous_31)
FN:206,(anonymous_32)
FN:211,(anonymous_33)
FN:216,(anonymous_34)
FNF:34
FNH:26
FNDA:34,(anonymous_1)
FNDA:28,(anonymous_2)
FNDA:6,(anonymous_3)
FNDA:2,(anonymous_4)
FNDA:2,(anonymous_5)
FNDA:2,(anonymous_6)
FNDA:3,(anonymous_7)
FNDA:2,(anonymous_8)
FNDA:1,(anonymous_9)
FNDA:1,(anonymous_10)
FNDA:1,(anonymous_11)
FNDA:1,(anonymous_12)
FNDA:1,(anonymous_13)
FNDA:1,(anonymous_14)
FNDA:0,(anonymous_15)
FNDA:1,(anonymous_16)
FNDA:0,(anonymous_17)
FNDA:1,(anonymous_18)
FNDA:0,(anonymous_19)
FNDA:0,(anonymous_20)
FNDA:1,(anonymous_21)
FNDA:0,(anonymous_22)
FNDA:0,(anonymous_23)
FNDA:0,(anonymous_24)
FNDA:1,(anonymous_25)
FNDA:1,(anonymous_26)
FNDA:1,(anonymous_27)
FNDA:0,(anonymous_28)
FNDA:1,(anonymous_29)
FNDA:1,(anonymous_30)
FNDA:1,(anonymous_31)
FNDA:1,(anonymous_32)
FNDA:1,(anonymous_33)
FNDA:1,(anonymous_34)
DA:1,2
DA:13,2
DA:24,2
DA:25,34
DA:26,34
DA:27,4
DA:29,34
DA:33,2
DA:34,28
DA:36,6
DA:37,2
DA:38,2
DA:39,2
DA:41,6
DA:46,2
DA:48,2
DA:49,1
DA:53,2
DA:57,2
DA:58,1
DA:63,2
DA:65,3
DA:66,2
DA:71,2
DA:73,2
DA:74,2
DA:78,1
DA:79,1
DA:83,1
DA:84,1
DA:88,1
DA:89,1
DA:93,1
DA:98,2
DA:100,1
DA:101,1
DA:105,1
DA:106,1
DA:110,0
DA:111,0
DA:115,1
DA:116,1
DA:120,0
DA:121,0
DA:125,1
DA:130,2
DA:132,0
DA:133,0
DA:137,0
DA:138,0
DA:142,1
DA:143,1
DA:147,0
DA:148,0
DA:152,0
DA:153,0
DA:157,0
DA:161,1
DA:162,1
DA:167,2
DA:169,1
DA:170,1
DA:177,1
DA:181,1
DA:185,0
DA:186,0
DA:190,1
DA:194,1
DA:198,1
DA:199,1
DA:203,1
DA:207,1
DA:208,1
DA:212,1
DA:213,1
DA:217,1
DA:220,1
DA:224,2
LF:78
LH:63
BRDA:26,0,0,4
BRDA:36,1,0,2
BRF:2
BRH:2
end_of_record
